<?xml version="1.0" encoding="UTF-8"?>
<robot generator="Robot 7.1.1 (Python 3.13.0 on win32)" generated="2025-03-15T08:17:59.580286" rpa="false" schemaversion="5">
<suite id="s1" name="Testfront Hotmail" source="C:\repositorio\apiteste\tests\testfront_hotmail.robot">
<test id="s1-t1" name="QUANDO EU CLICAR EM AVANÇAR SEM INSERIR E-MAIL" line="8">
<kw name="Acessar o site" owner="front_hotmail">
<kw name="Open Browser" owner="SeleniumLibrary">
<msg time="2025-03-15T08:18:00.050404" level="INFO">Opening browser 'edge' to base url 'http://signup.live.com'.</msg>
<arg>url=${URL}</arg>
<arg>browser=${BROWSER}</arg>
<arg>options=add_experimental_option("detach", True)</arg>
<doc>Opens a new browser instance to the optional ``url``.</doc>
<status status="PASS" start="2025-03-15T08:18:00.049935" elapsed="4.508698"/>
</kw>
<kw name="Maximize Browser Window" owner="SeleniumLibrary">
<doc>Maximizes current browser window.</doc>
<status status="PASS" start="2025-03-15T08:18:04.559382" elapsed="0.130470"/>
</kw>
<kw name="Sleep" owner="BuiltIn">
<msg time="2025-03-15T08:18:07.690956" level="INFO">Slept 3 seconds.</msg>
<arg>3s</arg>
<doc>Pauses the test executed for the given time.</doc>
<status status="PASS" start="2025-03-15T08:18:04.690263" elapsed="3.000932"/>
</kw>
<status status="PASS" start="2025-03-15T08:18:00.048591" elapsed="7.642863"/>
</kw>
<kw name="Quando eu clicar em avançar" owner="front_hotmail">
<kw name="Click Element" owner="SeleniumLibrary">
<msg time="2025-03-15T08:18:07.693571" level="INFO">Clicking element 'xpath=//button[contains(text(), 'Avançar')]'.</msg>
<arg>xpath=//button[contains(text(), 'Avançar')]</arg>
<doc>Click the element identified by ``locator``.</doc>
<status status="PASS" start="2025-03-15T08:18:07.692843" elapsed="0.194933"/>
</kw>
<kw name="Sleep" owner="BuiltIn">
<msg time="2025-03-15T08:18:12.889382" level="INFO">Slept 5 seconds.</msg>
<arg>5s</arg>
<doc>Pauses the test executed for the given time.</doc>
<status status="PASS" start="2025-03-15T08:18:07.888182" elapsed="5.001407"/>
</kw>
<status status="PASS" start="2025-03-15T08:18:07.692148" elapsed="5.197667"/>
</kw>
<kw name="Então deve retornar uma mensagem" owner="front_hotmail">
<kw name="Get Text" owner="SeleniumLibrary">
<msg time="2025-03-15T08:18:12.939773" level="INFO">${mensagem} = É necessário um endereço de email</msg>
<var>${mensagem}</var>
<arg>xpath=//div[contains(text(), '${mensagem_retorno}')]</arg>
<doc>Returns the text value of the element identified by ``locator``.</doc>
<status status="PASS" start="2025-03-15T08:18:12.891189" elapsed="0.048650"/>
</kw>
<kw name="Close Browser" owner="SeleniumLibrary">
<doc>Closes the current browser.</doc>
<status status="PASS" start="2025-03-15T08:18:12.940106" elapsed="2.562072"/>
</kw>
<arg>É necessário um endereço de email</arg>
<status status="PASS" start="2025-03-15T08:18:12.890545" elapsed="2.611881"/>
</kw>
<status status="PASS" start="2025-03-15T08:18:00.047008" elapsed="15.456038"/>
</test>
<test id="s1-t2" name="QUANDO EU INSERIR UM E-MAIL JÁ EXISTENTE" line="15">
<kw name="Acessar o site" owner="front_hotmail">
<kw name="Open Browser" owner="SeleniumLibrary">
<msg time="2025-03-15T08:18:15.506768" level="INFO">Opening browser 'edge' to base url 'http://signup.live.com'.</msg>
<arg>url=${URL}</arg>
<arg>browser=${BROWSER}</arg>
<arg>options=add_experimental_option("detach", True)</arg>
<doc>Opens a new browser instance to the optional ``url``.</doc>
<status status="PASS" start="2025-03-15T08:18:15.506372" elapsed="4.195106"/>
</kw>
<kw name="Maximize Browser Window" owner="SeleniumLibrary">
<doc>Maximizes current browser window.</doc>
<status status="PASS" start="2025-03-15T08:18:19.701916" elapsed="0.142924"/>
</kw>
<kw name="Sleep" owner="BuiltIn">
<msg time="2025-03-15T08:18:22.845961" level="INFO">Slept 3 seconds.</msg>
<arg>3s</arg>
<doc>Pauses the test executed for the given time.</doc>
<status status="PASS" start="2025-03-15T08:18:19.845204" elapsed="3.001145"/>
</kw>
<status status="PASS" start="2025-03-15T08:18:15.505949" elapsed="7.340738"/>
</kw>
<kw name="Quando eu inserir um e-mail" owner="front_hotmail">
<kw name="Wait Until Element Is Visible" owner="SeleniumLibrary">
<arg>xpath=//*[@id="usernameInput"]</arg>
<doc>Waits until the element ``locator`` is visible.</doc>
<status status="PASS" start="2025-03-15T08:18:22.848070" elapsed="0.052553"/>
</kw>
<kw name="Input Text" owner="SeleniumLibrary">
<msg time="2025-03-15T08:18:22.901936" level="INFO">Typing text 'almeida.ae@outlook.com' into text field 'xpath=//*[@id="usernameInput"]'.</msg>
<arg>xpath=//*[@id="usernameInput"]</arg>
<arg>${EMAIL}</arg>
<doc>Types the given ``text`` into the text field identified by ``locator``.</doc>
<status status="PASS" start="2025-03-15T08:18:22.900947" elapsed="0.359148"/>
</kw>
<status status="PASS" start="2025-03-15T08:18:22.847431" elapsed="0.412992"/>
</kw>
<kw name="Quando eu clicar em avançar" owner="front_hotmail">
<kw name="Click Element" owner="SeleniumLibrary">
<msg time="2025-03-15T08:18:23.262239" level="INFO">Clicking element 'xpath=//button[contains(text(), 'Avançar')]'.</msg>
<arg>xpath=//button[contains(text(), 'Avançar')]</arg>
<doc>Click the element identified by ``locator``.</doc>
<status status="PASS" start="2025-03-15T08:18:23.261791" elapsed="0.588442"/>
</kw>
<kw name="Sleep" owner="BuiltIn">
<msg time="2025-03-15T08:18:28.851842" level="INFO">Slept 5 seconds.</msg>
<arg>5s</arg>
<doc>Pauses the test executed for the given time.</doc>
<status status="PASS" start="2025-03-15T08:18:23.850610" elapsed="5.001379"/>
</kw>
<status status="PASS" start="2025-03-15T08:18:23.261137" elapsed="5.591009"/>
</kw>
<kw name="Então deve retornar uma mensagem" owner="front_hotmail">
<kw name="Get Text" owner="SeleniumLibrary">
<msg time="2025-03-15T08:18:28.900063" level="INFO">${mensagem} = almeida.ae@outlook.com já é uma conta Microsoft. Tente outro nome ou reivindique um destes que está disponível. Se for seu, entre agora.</msg>
<var>${mensagem}</var>
<arg>xpath=//div[contains(text(), '${mensagem_retorno}')]</arg>
<doc>Returns the text value of the element identified by ``locator``.</doc>
<status status="PASS" start="2025-03-15T08:18:28.853367" elapsed="0.046767"/>
</kw>
<kw name="Close Browser" owner="SeleniumLibrary">
<doc>Closes the current browser.</doc>
<status status="PASS" start="2025-03-15T08:18:28.900371" elapsed="2.332450"/>
</kw>
<arg>já é uma conta Microsoft</arg>
<status status="PASS" start="2025-03-15T08:18:28.852736" elapsed="2.380282"/>
</kw>
<status status="PASS" start="2025-03-15T08:18:15.505111" elapsed="15.728514"/>
</test>
<doc>teste site Amazon</doc>
<status status="PASS" start="2025-03-15T08:17:59.582318" elapsed="31.653133"/>
</suite>
<statistics>
<total>
<stat pass="2" fail="0" skip="0">All Tests</stat>
</total>
<tag>
</tag>
<suite>
<stat pass="2" fail="0" skip="0" id="s1" name="Testfront Hotmail">Testfront Hotmail</stat>
</suite>
</statistics>
<errors>
</errors>
</robot>
