<?xml version="1.0" encoding="UTF-8"?>
<robot generator="Robot 7.1.1 (Python 3.13.0 on win32)" generated="2025-02-27T22:06:53.231636" rpa="false" schemaversion="5">
<suite id="s1" name="testApi reqres" source="C:\repositorio\apiteste\tests\testApi_reqres.robot">
<test id="s1-t1" name="CONSULTAR USUARIOS COM SUCESSO" line="8">
<kw name="DADO QUE CONSULTE O ENDPOINT /api/users" owner="api_reqres">
<kw name="Create Session" owner="RequestsLibrary">
<msg time="2025-02-27T22:06:54.115943" level="INFO">Creating Session using : alias=reqres, url=https://reqres.in, headers={},                     cookies={}, auth=None, timeout=None, proxies=None, verify=False,                     debug=0 </msg>
<arg>reqres</arg>
<arg>${url_reqres}</arg>
<doc>Create Session: create a HTTP session to a server</doc>
<status status="PASS" start="2025-02-27T22:06:54.115539" elapsed="0.000747"/>
</kw>
<status status="PASS" start="2025-02-27T22:06:54.114468" elapsed="0.002019"/>
</kw>
<kw name="QUANDO EU PASSAR O PARAMETRO PAGE=1" owner="api_reqres">
<kw name="Create Dictionary" owner="BuiltIn">
<msg time="2025-02-27T22:06:54.117941" level="INFO">${headers} = {'content-type': 'application/json'}</msg>
<var>${headers}</var>
<arg>content-type=application/json</arg>
<doc>Creates and returns a dictionary based on the given ``items``.</doc>
<status status="PASS" start="2025-02-27T22:06:54.117511" elapsed="0.000488"/>
</kw>
<kw name="GET On Session" owner="RequestsLibrary">
<msg time="2025-02-27T22:06:54.287232" level="INFO">GET Request : url=https://reqres.in/api/users?page=1 
 path_url=/api/users?page=1 
 headers={'User-Agent': 'python-requests/2.32.3', 'Accept-Encoding': 'gzip, deflate', 'Accept': '*/*', 'Connection': 'keep-alive'} 
 body=None 
 </msg>
<msg time="2025-02-27T22:06:54.287441" level="INFO">GET Response : url=https://reqres.in/api/users?page=1 
 status=200, reason=OK 
 headers={'Date': 'Fri, 28 Feb 2025 01:06:54 GMT', 'Content-Type': 'application/json; charset=utf-8', 'Transfer-Encoding': 'chunked', 'Connection': 'keep-alive', 'Server': 'cloudflare', 'Cf-Ray': '918c83c2c8e04d29-GRU', 'Report-To': '{"group":"heroku-nel","max_age":3600,"endpoints":[{"url":"https://nel.heroku.com/reports?ts=1740701531&amp;sid=c4c9725f-1ab0-44d8-820f-430df2718e11&amp;s=hjF1i5nLcEW5GEKwQ8fj6glALfLLMWc8%2BVhlkwP7kgY%3D"}]}', 'Reporting-Endpoints': 'heroku-nel=https://nel.heroku.com/reports?ts=1740701531&amp;sid=c4c9725f-1ab0-44d8-820f-430df2718e11&amp;s=hjF1i5nLcEW5GEKwQ8fj6glALfLLMWc8%2BVhlkwP7kgY%3D', 'Nel': '{"report_to":"heroku-nel","max_age":3600,"success_fraction":0.005,"failure_fraction":0.05,"response_headers":["Via"]}', 'X-Powered-By': 'Express', 'Access-Control-Allow-Origin': '*', 'Etag': 'W/"41e-bY3U72nulxuwNd/TmihMEHjLmek"', 'Via': '1.1 vegur', 'Cache-Control': 'max-age=14400', 'Cf-Cache-Status': 'HIT', 'Age': '3283', 'Vary': 'Accept-Encoding', 'server-timing': 'cfL4;desc="?proto=TCP&amp;rtt=23175&amp;min_rtt=15412&amp;rtt_var=8798&amp;sent=5&amp;recv=6&amp;lost=0&amp;retrans=0&amp;sent_bytes=2836&amp;recv_bytes=775&amp;delivery_rate=176485&amp;cwnd=252&amp;unsent_bytes=0&amp;cid=c0f5bf39a64af1ef&amp;ts=52&amp;x=0"'} 
 body={"page":1,"per_page":6,"total":12,"total_pages":2,"data":[{"id":1,"email":"george.bluth@reqres.in","first_name":"George","last_name":"Bluth","avatar":"https://reqres.in/img/faces/1-image.jpg"},{"id":2,"email":"janet.weaver@reqres.in","first_name":"Janet","last_name":"Weaver","avatar":"https://reqres.in/img/faces/2-image.jpg"},{"id":3,"email":"emma.wong@reqres.in","first_name":"Emma","last_name":"Wong","avatar":"https://reqres.in/img/faces/3-image.jpg"},{"id":4,"email":"eve.holt@reqres.in","first_name":"Eve","last_name":"Holt","avatar":"https://reqres.in/img/faces/4-image.jpg"},{"id":5,"email":"charles.morris@reqres.in","first_name":"Charles","last_name":"Morris","avatar":"https://reqres.in/img/faces/5-image.jpg"},{"id":6,"email":"tracey.ramos@reqres.in","first_name":"Tracey","last_name":"Ramos","avatar":"https://reqres.in/img/faces/6-image.jpg"}],"support":{"url":"https://contentcaddy.io?utm_source=reqres&amp;utm_medium=json&amp;utm_campaign=referral","text":"Tired of writing endless social media content? Let Content Caddy generate it for you."}} 
 </msg>
<msg time="2025-02-27T22:06:54.287581" level="INFO">C:\Users\André\AppData\Local\Programs\Python\Python313\Lib\site-packages\urllib3\connectionpool.py:1099: InsecureRequestWarning: Unverified HTTPS request is being made to host 'reqres.in'. Adding certificate verification is strongly advised. See: https://urllib3.readthedocs.io/en/latest/advanced-usage.html#tls-warnings
  warnings.warn(</msg>
<msg time="2025-02-27T22:06:54.288825" level="INFO">${resposta} = &lt;Response [200]&gt;</msg>
<var>${resposta}</var>
<arg>reqres</arg>
<arg>/api/users</arg>
<arg>params=page=1</arg>
<arg>expected_status=any</arg>
<doc>Sends a GET request on a previously created HTTP Session.</doc>
<status status="PASS" start="2025-02-27T22:06:54.118187" elapsed="0.170736"/>
</kw>
<kw name="Log" owner="BuiltIn">
<msg time="2025-02-27T22:06:54.290152" level="INFO">{"page":1,"per_page":6,"total":12,"total_pages":2,"data":[{"id":1,"email":"george.bluth@reqres.in","first_name":"George","last_name":"Bluth","avatar":"https://reqres.in/img/faces/1-image.jpg"},{"id":2,"email":"janet.weaver@reqres.in","first_name":"Janet","last_name":"Weaver","avatar":"https://reqres.in/img/faces/2-image.jpg"},{"id":3,"email":"emma.wong@reqres.in","first_name":"Emma","last_name":"Wong","avatar":"https://reqres.in/img/faces/3-image.jpg"},{"id":4,"email":"eve.holt@reqres.in","first_name":"Eve","last_name":"Holt","avatar":"https://reqres.in/img/faces/4-image.jpg"},{"id":5,"email":"charles.morris@reqres.in","first_name":"Charles","last_name":"Morris","avatar":"https://reqres.in/img/faces/5-image.jpg"},{"id":6,"email":"tracey.ramos@reqres.in","first_name":"Tracey","last_name":"Ramos","avatar":"https://reqres.in/img/faces/6-image.jpg"}],"support":{"url":"https://contentcaddy.io?utm_source=reqres&amp;utm_medium=json&amp;utm_campaign=referral","text":"Tired of writing endless social media content? Let Content Caddy generate it for you."}}</msg>
<arg>${resposta.text}</arg>
<doc>Logs the given message with the given level.</doc>
<status status="PASS" start="2025-02-27T22:06:54.289215" elapsed="0.001044"/>
</kw>
<kw name="Set Suite Variable" owner="BuiltIn">
<msg time="2025-02-27T22:06:54.290995" level="INFO">${resposta} = &lt;Response [200]&gt;</msg>
<arg>${resposta}</arg>
<doc>Makes a variable available everywhere within the scope of the current suite.</doc>
<status status="PASS" start="2025-02-27T22:06:54.290496" elapsed="0.000614"/>
</kw>
<status status="PASS" start="2025-02-27T22:06:54.117035" elapsed="0.174255"/>
</kw>
<kw name="ENTÃO A API DEVE RETORNAR" owner="api_reqres">
<kw name="Should Be Equal As Strings" owner="BuiltIn">
<msg time="2025-02-27T22:06:54.293806" level="INFO">Argument types are:
&lt;class 'int'&gt;
&lt;class 'str'&gt;</msg>
<arg>${resposta.status_code}</arg>
<arg>${status_code_desejado}</arg>
<doc>Fails if objects are unequal after converting them to strings.</doc>
<status status="PASS" start="2025-02-27T22:06:54.292817" elapsed="0.001111"/>
</kw>
<arg>200</arg>
<status status="PASS" start="2025-02-27T22:06:54.292027" elapsed="0.002036"/>
</kw>
<kw name="ENTÃO VALIDO O CONTEUDO DO RESPONSE BODY" owner="api_reqres">
<kw name="Convert String To Json" owner="JSONLibrary">
<msg time="2025-02-27T22:06:54.296950" level="INFO">${Json_response} = {'page': 1, 'per_page': 6, 'total': 12, 'total_pages': 2, 'data': [{'id': 1, 'email': 'george.bluth@reqres.in', 'first_name': 'George', 'last_name': 'Bluth', 'avatar': 'https://reqres.in/img/faces/1-i...</msg>
<var>${Json_response}</var>
<arg>${resposta.text}</arg>
<doc>Convert String to JSON object</doc>
<status status="PASS" start="2025-02-27T22:06:54.295033" elapsed="0.001974"/>
</kw>
<kw name="Get From Dictionary" owner="Collections">
<msg time="2025-02-27T22:06:54.297548" level="INFO">${data_list} = [{'id': 1, 'email': 'george.bluth@reqres.in', 'first_name': 'George', 'last_name': 'Bluth', 'avatar': 'https://reqres.in/img/faces/1-image.jpg'}, {'id': 2, 'email': 'janet.weaver@reqres.in', 'first_na...</msg>
<var>${data_list}</var>
<arg>${Json_response}</arg>
<arg>data</arg>
<doc>Returns a value from the given ``dictionary`` based on the given ``key``.</doc>
<status status="PASS" start="2025-02-27T22:06:54.297230" elapsed="0.000629"/>
</kw>
<for flavor="IN">
<iter>
<kw name="Dictionary Should Contain Key" owner="Collections">
<arg>${item}</arg>
<arg>id</arg>
<doc>Fails if ``key`` is not found from ``dictionary``.</doc>
<status status="PASS" start="2025-02-27T22:06:54.298766" elapsed="0.000415"/>
</kw>
<kw name="Dictionary Should Contain Key" owner="Collections">
<arg>${item}</arg>
<arg>email</arg>
<doc>Fails if ``key`` is not found from ``dictionary``.</doc>
<status status="PASS" start="2025-02-27T22:06:54.299423" elapsed="0.000247"/>
</kw>
<kw name="Dictionary Should Contain Key" owner="Collections">
<arg>${item}</arg>
<arg>first_name</arg>
<doc>Fails if ``key`` is not found from ``dictionary``.</doc>
<status status="PASS" start="2025-02-27T22:06:54.299959" elapsed="0.000398"/>
</kw>
<kw name="Dictionary Should Contain Key" owner="Collections">
<arg>${item}</arg>
<arg>last_name</arg>
<doc>Fails if ``key`` is not found from ``dictionary``.</doc>
<status status="PASS" start="2025-02-27T22:06:54.300747" elapsed="0.000366"/>
</kw>
<kw name="Dictionary Should Contain Key" owner="Collections">
<arg>${item}</arg>
<arg>avatar</arg>
<doc>Fails if ``key`` is not found from ``dictionary``.</doc>
<status status="PASS" start="2025-02-27T22:06:54.301335" elapsed="0.000256"/>
</kw>
<var name="${item}">{'id': 1, 'email': 'george.bluth@reqres.in', 'first_name': 'George', 'last_name': 'Bluth', 'avatar': 'https://reqres.in/img/faces/1-image.jpg'}</var>
<status status="PASS" start="2025-02-27T22:06:54.298524" elapsed="0.003143"/>
</iter>
<iter>
<kw name="Dictionary Should Contain Key" owner="Collections">
<arg>${item}</arg>
<arg>id</arg>
<doc>Fails if ``key`` is not found from ``dictionary``.</doc>
<status status="PASS" start="2025-02-27T22:06:54.302058" elapsed="0.000236"/>
</kw>
<kw name="Dictionary Should Contain Key" owner="Collections">
<arg>${item}</arg>
<arg>email</arg>
<doc>Fails if ``key`` is not found from ``dictionary``.</doc>
<status status="PASS" start="2025-02-27T22:06:54.302470" elapsed="0.000218"/>
</kw>
<kw name="Dictionary Should Contain Key" owner="Collections">
<arg>${item}</arg>
<arg>first_name</arg>
<doc>Fails if ``key`` is not found from ``dictionary``.</doc>
<status status="PASS" start="2025-02-27T22:06:54.302868" elapsed="0.000213"/>
</kw>
<kw name="Dictionary Should Contain Key" owner="Collections">
<arg>${item}</arg>
<arg>last_name</arg>
<doc>Fails if ``key`` is not found from ``dictionary``.</doc>
<status status="PASS" start="2025-02-27T22:06:54.303249" elapsed="0.000218"/>
</kw>
<kw name="Dictionary Should Contain Key" owner="Collections">
<arg>${item}</arg>
<arg>avatar</arg>
<doc>Fails if ``key`` is not found from ``dictionary``.</doc>
<status status="PASS" start="2025-02-27T22:06:54.303632" elapsed="0.000234"/>
</kw>
<var name="${item}">{'id': 2, 'email': 'janet.weaver@reqres.in', 'first_name': 'Janet', 'last_name': 'Weaver', 'avatar': 'https://reqres.in/img/faces/2-image.jpg'}</var>
<status status="PASS" start="2025-02-27T22:06:54.301917" elapsed="0.002019"/>
</iter>
<iter>
<kw name="Dictionary Should Contain Key" owner="Collections">
<arg>${item}</arg>
<arg>id</arg>
<doc>Fails if ``key`` is not found from ``dictionary``.</doc>
<status status="PASS" start="2025-02-27T22:06:54.304250" elapsed="0.000224"/>
</kw>
<kw name="Dictionary Should Contain Key" owner="Collections">
<arg>${item}</arg>
<arg>email</arg>
<doc>Fails if ``key`` is not found from ``dictionary``.</doc>
<status status="PASS" start="2025-02-27T22:06:54.304641" elapsed="0.000259"/>
</kw>
<kw name="Dictionary Should Contain Key" owner="Collections">
<arg>${item}</arg>
<arg>first_name</arg>
<doc>Fails if ``key`` is not found from ``dictionary``.</doc>
<status status="PASS" start="2025-02-27T22:06:54.305122" elapsed="0.000238"/>
</kw>
<kw name="Dictionary Should Contain Key" owner="Collections">
<arg>${item}</arg>
<arg>last_name</arg>
<doc>Fails if ``key`` is not found from ``dictionary``.</doc>
<status status="PASS" start="2025-02-27T22:06:54.305534" elapsed="0.000249"/>
</kw>
<kw name="Dictionary Should Contain Key" owner="Collections">
<arg>${item}</arg>
<arg>avatar</arg>
<doc>Fails if ``key`` is not found from ``dictionary``.</doc>
<status status="PASS" start="2025-02-27T22:06:54.306050" elapsed="0.000414"/>
</kw>
<var name="${item}">{'id': 3, 'email': 'emma.wong@reqres.in', 'first_name': 'Emma', 'last_name': 'Wong', 'avatar': 'https://reqres.in/img/faces/3-image.jpg'}</var>
<status status="PASS" start="2025-02-27T22:06:54.304123" elapsed="0.002483"/>
</iter>
<iter>
<kw name="Dictionary Should Contain Key" owner="Collections">
<arg>${item}</arg>
<arg>id</arg>
<doc>Fails if ``key`` is not found from ``dictionary``.</doc>
<status status="PASS" start="2025-02-27T22:06:54.307268" elapsed="0.000539"/>
</kw>
<kw name="Dictionary Should Contain Key" owner="Collections">
<arg>${item}</arg>
<arg>email</arg>
<doc>Fails if ``key`` is not found from ``dictionary``.</doc>
<status status="PASS" start="2025-02-27T22:06:54.308201" elapsed="0.000476"/>
</kw>
<kw name="Dictionary Should Contain Key" owner="Collections">
<arg>${item}</arg>
<arg>first_name</arg>
<doc>Fails if ``key`` is not found from ``dictionary``.</doc>
<status status="PASS" start="2025-02-27T22:06:54.309109" elapsed="0.000639"/>
</kw>
<kw name="Dictionary Should Contain Key" owner="Collections">
<arg>${item}</arg>
<arg>last_name</arg>
<doc>Fails if ``key`` is not found from ``dictionary``.</doc>
<status status="PASS" start="2025-02-27T22:06:54.310023" elapsed="0.000455"/>
</kw>
<kw name="Dictionary Should Contain Key" owner="Collections">
<arg>${item}</arg>
<arg>avatar</arg>
<doc>Fails if ``key`` is not found from ``dictionary``.</doc>
<status status="PASS" start="2025-02-27T22:06:54.310847" elapsed="0.000444"/>
</kw>
<var name="${item}">{'id': 4, 'email': 'eve.holt@reqres.in', 'first_name': 'Eve', 'last_name': 'Holt', 'avatar': 'https://reqres.in/img/faces/4-image.jpg'}</var>
<status status="PASS" start="2025-02-27T22:06:54.306970" elapsed="0.004452"/>
</iter>
<iter>
<kw name="Dictionary Should Contain Key" owner="Collections">
<arg>${item}</arg>
<arg>id</arg>
<doc>Fails if ``key`` is not found from ``dictionary``.</doc>
<status status="PASS" start="2025-02-27T22:06:54.311991" elapsed="0.000433"/>
</kw>
<kw name="Dictionary Should Contain Key" owner="Collections">
<arg>${item}</arg>
<arg>email</arg>
<doc>Fails if ``key`` is not found from ``dictionary``.</doc>
<status status="PASS" start="2025-02-27T22:06:54.312748" elapsed="0.000447"/>
</kw>
<kw name="Dictionary Should Contain Key" owner="Collections">
<arg>${item}</arg>
<arg>first_name</arg>
<doc>Fails if ``key`` is not found from ``dictionary``.</doc>
<status status="PASS" start="2025-02-27T22:06:54.313557" elapsed="0.000433"/>
</kw>
<kw name="Dictionary Should Contain Key" owner="Collections">
<arg>${item}</arg>
<arg>last_name</arg>
<doc>Fails if ``key`` is not found from ``dictionary``.</doc>
<status status="PASS" start="2025-02-27T22:06:54.314314" elapsed="0.000388"/>
</kw>
<kw name="Dictionary Should Contain Key" owner="Collections">
<arg>${item}</arg>
<arg>avatar</arg>
<doc>Fails if ``key`` is not found from ``dictionary``.</doc>
<status status="PASS" start="2025-02-27T22:06:54.315008" elapsed="0.000276"/>
</kw>
<var name="${item}">{'id': 5, 'email': 'charles.morris@reqres.in', 'first_name': 'Charles', 'last_name': 'Morris', 'avatar': 'https://reqres.in/img/faces/5-image.jpg'}</var>
<status status="PASS" start="2025-02-27T22:06:54.311756" elapsed="0.003601"/>
</iter>
<iter>
<kw name="Dictionary Should Contain Key" owner="Collections">
<arg>${item}</arg>
<arg>id</arg>
<doc>Fails if ``key`` is not found from ``dictionary``.</doc>
<status status="PASS" start="2025-02-27T22:06:54.315741" elapsed="0.000228"/>
</kw>
<kw name="Dictionary Should Contain Key" owner="Collections">
<arg>${item}</arg>
<arg>email</arg>
<doc>Fails if ``key`` is not found from ``dictionary``.</doc>
<status status="PASS" start="2025-02-27T22:06:54.316133" elapsed="0.000364"/>
</kw>
<kw name="Dictionary Should Contain Key" owner="Collections">
<arg>${item}</arg>
<arg>first_name</arg>
<doc>Fails if ``key`` is not found from ``dictionary``.</doc>
<status status="PASS" start="2025-02-27T22:06:54.316667" elapsed="0.000220"/>
</kw>
<kw name="Dictionary Should Contain Key" owner="Collections">
<arg>${item}</arg>
<arg>last_name</arg>
<doc>Fails if ``key`` is not found from ``dictionary``.</doc>
<status status="PASS" start="2025-02-27T22:06:54.317052" elapsed="0.000201"/>
</kw>
<kw name="Dictionary Should Contain Key" owner="Collections">
<arg>${item}</arg>
<arg>avatar</arg>
<doc>Fails if ``key`` is not found from ``dictionary``.</doc>
<status status="PASS" start="2025-02-27T22:06:54.317414" elapsed="0.000204"/>
</kw>
<var name="${item}">{'id': 6, 'email': 'tracey.ramos@reqres.in', 'first_name': 'Tracey', 'last_name': 'Ramos', 'avatar': 'https://reqres.in/img/faces/6-image.jpg'}</var>
<status status="PASS" start="2025-02-27T22:06:54.315589" elapsed="0.002096"/>
</iter>
<var>${item}</var>
<value>@{data_list}</value>
<status status="PASS" start="2025-02-27T22:06:54.298035" elapsed="0.019741"/>
</for>
<status status="PASS" start="2025-02-27T22:06:54.294623" elapsed="0.023355"/>
</kw>
<status status="PASS" start="2025-02-27T22:06:54.113242" elapsed="0.206207"/>
</test>
<test id="s1-t2" name="CONSULTAR USUARIOS COM SUCESSO SEM PAGINAÇÃO" line="14">
<kw name="DADO QUE CONSULTE O ENDPOINT /api/users" owner="api_reqres">
<kw name="Create Session" owner="RequestsLibrary">
<msg time="2025-02-27T22:06:54.325320" level="INFO">Creating Session using : alias=reqres, url=https://reqres.in, headers={},                     cookies={}, auth=None, timeout=None, proxies=None, verify=False,                     debug=0 </msg>
<arg>reqres</arg>
<arg>${url_reqres}</arg>
<doc>Create Session: create a HTTP session to a server</doc>
<status status="PASS" start="2025-02-27T22:06:54.324904" elapsed="0.000899"/>
</kw>
<status status="PASS" start="2025-02-27T22:06:54.324042" elapsed="0.001974"/>
</kw>
<kw name="QUANDO EU NÃO PASSAR O PARAMETRO PAGE" owner="api_reqres">
<kw name="Create Dictionary" owner="BuiltIn">
<msg time="2025-02-27T22:06:54.327823" level="INFO">${headers} = {'content-type': 'application/json'}</msg>
<var>${headers}</var>
<arg>content-type=application/json</arg>
<doc>Creates and returns a dictionary based on the given ``items``.</doc>
<status status="PASS" start="2025-02-27T22:06:54.327316" elapsed="0.000995"/>
</kw>
<kw name="GET On Session" owner="RequestsLibrary">
<msg time="2025-02-27T22:06:54.505603" level="INFO">GET Request : url=https://reqres.in/api/users 
 path_url=/api/users 
 headers={'User-Agent': 'python-requests/2.32.3', 'Accept-Encoding': 'gzip, deflate', 'Accept': '*/*', 'Connection': 'keep-alive'} 
 body=None 
 </msg>
<msg time="2025-02-27T22:06:54.505851" level="INFO">GET Response : url=https://reqres.in/api/users 
 status=200, reason=OK 
 headers={'Date': 'Fri, 28 Feb 2025 01:06:54 GMT', 'Content-Type': 'application/json; charset=utf-8', 'Transfer-Encoding': 'chunked', 'Connection': 'keep-alive', 'Report-To': '{"group":"heroku-nel","max_age":3600,"endpoints":[{"url":"https://nel.heroku.com/reports?ts=1740698894&amp;sid=c4c9725f-1ab0-44d8-820f-430df2718e11&amp;s=wyzwZeCJlVeySSDJVhuZ17Dc4IlabnlmoJ8jFMlnRtQ%3D"}]}', 'Reporting-Endpoints': 'heroku-nel=https://nel.heroku.com/reports?ts=1740698894&amp;sid=c4c9725f-1ab0-44d8-820f-430df2718e11&amp;s=wyzwZeCJlVeySSDJVhuZ17Dc4IlabnlmoJ8jFMlnRtQ%3D', 'Nel': '{"report_to":"heroku-nel","max_age":3600,"success_fraction":0.005,"failure_fraction":0.05,"response_headers":["Via"]}', 'X-Powered-By': 'Express', 'Access-Control-Allow-Origin': '*', 'Etag': 'W/"41e-bY3U72nulxuwNd/TmihMEHjLmek"', 'Via': '1.1 vegur', 'Cache-Control': 'max-age=14400', 'CF-Cache-Status': 'HIT', 'Age': '5920', 'Vary': 'Accept-Encoding', 'Server': 'cloudflare', 'CF-RAY': '918c83c40d634b40-GRU', 'Content-Encoding': 'gzip', 'server-timing': 'cfL4;desc="?proto=TCP&amp;rtt=24309&amp;min_rtt=21706&amp;rtt_var=11157&amp;sent=5&amp;recv=6&amp;lost=0&amp;retrans=0&amp;sent_bytes=2836&amp;recv_bytes=768&amp;delivery_rate=112480&amp;cwnd=252&amp;unsent_bytes=0&amp;cid=9a07f638d55acb44&amp;ts=69&amp;x=0"'} 
 body={"page":1,"per_page":6,"total":12,"total_pages":2,"data":[{"id":1,"email":"george.bluth@reqres.in","first_name":"George","last_name":"Bluth","avatar":"https://reqres.in/img/faces/1-image.jpg"},{"id":2,"email":"janet.weaver@reqres.in","first_name":"Janet","last_name":"Weaver","avatar":"https://reqres.in/img/faces/2-image.jpg"},{"id":3,"email":"emma.wong@reqres.in","first_name":"Emma","last_name":"Wong","avatar":"https://reqres.in/img/faces/3-image.jpg"},{"id":4,"email":"eve.holt@reqres.in","first_name":"Eve","last_name":"Holt","avatar":"https://reqres.in/img/faces/4-image.jpg"},{"id":5,"email":"charles.morris@reqres.in","first_name":"Charles","last_name":"Morris","avatar":"https://reqres.in/img/faces/5-image.jpg"},{"id":6,"email":"tracey.ramos@reqres.in","first_name":"Tracey","last_name":"Ramos","avatar":"https://reqres.in/img/faces/6-image.jpg"}],"support":{"url":"https://contentcaddy.io?utm_source=reqres&amp;utm_medium=json&amp;utm_campaign=referral","text":"Tired of writing endless social media content? Let Content Caddy generate it for you."}} 
 </msg>
<msg time="2025-02-27T22:06:54.506060" level="INFO">C:\Users\André\AppData\Local\Programs\Python\Python313\Lib\site-packages\urllib3\connectionpool.py:1099: InsecureRequestWarning: Unverified HTTPS request is being made to host 'reqres.in'. Adding certificate verification is strongly advised. See: https://urllib3.readthedocs.io/en/latest/advanced-usage.html#tls-warnings
  warnings.warn(</msg>
<msg time="2025-02-27T22:06:54.507293" level="INFO">${resposta} = &lt;Response [200]&gt;</msg>
<var>${resposta}</var>
<arg>reqres</arg>
<arg>/api/users</arg>
<arg>expected_status=any</arg>
<doc>Sends a GET request on a previously created HTTP Session.</doc>
<status status="PASS" start="2025-02-27T22:06:54.328683" elapsed="0.178697"/>
</kw>
<kw name="Log" owner="BuiltIn">
<msg time="2025-02-27T22:06:54.508990" level="INFO">{"page":1,"per_page":6,"total":12,"total_pages":2,"data":[{"id":1,"email":"george.bluth@reqres.in","first_name":"George","last_name":"Bluth","avatar":"https://reqres.in/img/faces/1-image.jpg"},{"id":2,"email":"janet.weaver@reqres.in","first_name":"Janet","last_name":"Weaver","avatar":"https://reqres.in/img/faces/2-image.jpg"},{"id":3,"email":"emma.wong@reqres.in","first_name":"Emma","last_name":"Wong","avatar":"https://reqres.in/img/faces/3-image.jpg"},{"id":4,"email":"eve.holt@reqres.in","first_name":"Eve","last_name":"Holt","avatar":"https://reqres.in/img/faces/4-image.jpg"},{"id":5,"email":"charles.morris@reqres.in","first_name":"Charles","last_name":"Morris","avatar":"https://reqres.in/img/faces/5-image.jpg"},{"id":6,"email":"tracey.ramos@reqres.in","first_name":"Tracey","last_name":"Ramos","avatar":"https://reqres.in/img/faces/6-image.jpg"}],"support":{"url":"https://contentcaddy.io?utm_source=reqres&amp;utm_medium=json&amp;utm_campaign=referral","text":"Tired of writing endless social media content? Let Content Caddy generate it for you."}}</msg>
<arg>${resposta.text}</arg>
<doc>Logs the given message with the given level.</doc>
<status status="PASS" start="2025-02-27T22:06:54.507770" elapsed="0.001383"/>
</kw>
<kw name="Set Suite Variable" owner="BuiltIn">
<msg time="2025-02-27T22:06:54.510020" level="INFO">${resposta} = &lt;Response [200]&gt;</msg>
<arg>${resposta}</arg>
<doc>Makes a variable available everywhere within the scope of the current suite.</doc>
<status status="PASS" start="2025-02-27T22:06:54.509496" elapsed="0.000652"/>
</kw>
<status status="PASS" start="2025-02-27T22:06:54.326687" elapsed="0.183635"/>
</kw>
<kw name="ENTÃO A API DEVE RETORNAR" owner="api_reqres">
<kw name="Should Be Equal As Strings" owner="BuiltIn">
<msg time="2025-02-27T22:06:54.513036" level="INFO">Argument types are:
&lt;class 'int'&gt;
&lt;class 'str'&gt;</msg>
<arg>${resposta.status_code}</arg>
<arg>${status_code_desejado}</arg>
<doc>Fails if objects are unequal after converting them to strings.</doc>
<status status="PASS" start="2025-02-27T22:06:54.511652" elapsed="0.001854"/>
</kw>
<arg>200</arg>
<status status="PASS" start="2025-02-27T22:06:54.510868" elapsed="0.002853"/>
</kw>
<status status="PASS" start="2025-02-27T22:06:54.322800" elapsed="0.191412"/>
</test>
<test id="s1-t3" name="CONSULTAR USUARIOS COM SUCESSO COM PAGINAÇÃO SEM DATA" line="19">
<kw name="DADO QUE CONSULTE O ENDPOINT /api/users" owner="api_reqres">
<kw name="Create Session" owner="RequestsLibrary">
<msg time="2025-02-27T22:06:54.517833" level="INFO">Creating Session using : alias=reqres, url=https://reqres.in, headers={},                     cookies={}, auth=None, timeout=None, proxies=None, verify=False,                     debug=0 </msg>
<arg>reqres</arg>
<arg>${url_reqres}</arg>
<doc>Create Session: create a HTTP session to a server</doc>
<status status="PASS" start="2025-02-27T22:06:54.517480" elapsed="0.000720"/>
</kw>
<status status="PASS" start="2025-02-27T22:06:54.516866" elapsed="0.001528"/>
</kw>
<kw name="QUANDO EU NÃO PASSAR O PARAMETRO PAGE=3" owner="api_reqres">
<kw name="Create Dictionary" owner="BuiltIn">
<msg time="2025-02-27T22:06:54.520063" level="INFO">${headers} = {'content-type': 'application/json'}</msg>
<var>${headers}</var>
<arg>content-type=application/json</arg>
<doc>Creates and returns a dictionary based on the given ``items``.</doc>
<status status="PASS" start="2025-02-27T22:06:54.519593" elapsed="0.000554"/>
</kw>
<kw name="GET On Session" owner="RequestsLibrary">
<msg time="2025-02-27T22:06:54.702566" level="INFO">GET Request : url=https://reqres.in/api/users?page=3 
 path_url=/api/users?page=3 
 headers={'User-Agent': 'python-requests/2.32.3', 'Accept-Encoding': 'gzip, deflate', 'Accept': '*/*', 'Connection': 'keep-alive'} 
 body=None 
 </msg>
<msg time="2025-02-27T22:06:54.702718" level="INFO">GET Response : url=https://reqres.in/api/users?page=3 
 status=200, reason=OK 
 headers={'Date': 'Fri, 28 Feb 2025 01:06:54 GMT', 'Content-Type': 'application/json; charset=utf-8', 'Transfer-Encoding': 'chunked', 'Connection': 'keep-alive', 'Report-To': '{"group":"heroku-nel","max_age":3600,"endpoints":[{"url":"https://nel.heroku.com/reports?ts=1740601064&amp;sid=c4c9725f-1ab0-44d8-820f-430df2718e11&amp;s=m%2FV5X9EsucLz7qUmyPkByzMKjRKcb4OICc9MYQiU7H8%3D"}]}', 'Reporting-Endpoints': 'heroku-nel=https://nel.heroku.com/reports?ts=1740601064&amp;sid=c4c9725f-1ab0-44d8-820f-430df2718e11&amp;s=m%2FV5X9EsucLz7qUmyPkByzMKjRKcb4OICc9MYQiU7H8%3D', 'Nel': '{"report_to":"heroku-nel","max_age":3600,"success_fraction":0.005,"failure_fraction":0.05,"response_headers":["Via"]}', 'X-Powered-By': 'Express', 'Access-Control-Allow-Origin': '*', 'Etag': 'W/"ff-aGm564oP8PdTTBt7Rr/9A79zt7Q"', 'Via': '1.1 vegur', 'Cache-Control': 'max-age=14400', 'CF-Cache-Status': 'HIT', 'Age': '1081', 'Vary': 'Accept-Encoding', 'Server': 'cloudflare', 'CF-RAY': '918c83c53aca010e-GRU', 'Content-Encoding': 'gzip', 'server-timing': 'cfL4;desc="?proto=TCP&amp;rtt=23030&amp;min_rtt=20161&amp;rtt_var=10652&amp;sent=5&amp;recv=6&amp;lost=0&amp;retrans=0&amp;sent_bytes=2835&amp;recv_bytes=775&amp;delivery_rate=125418&amp;cwnd=252&amp;unsent_bytes=0&amp;cid=c132cbba67549ca5&amp;ts=80&amp;x=0"'} 
 body={"page":3,"per_page":6,"total":12,"total_pages":2,"data":[],"support":{"url":"https://contentcaddy.io?utm_source=reqres&amp;utm_medium=json&amp;utm_campaign=referral","text":"Tired of writing endless social media content? Let Content Caddy generate it for you."}} 
 </msg>
<msg time="2025-02-27T22:06:54.702901" level="INFO">C:\Users\André\AppData\Local\Programs\Python\Python313\Lib\site-packages\urllib3\connectionpool.py:1099: InsecureRequestWarning: Unverified HTTPS request is being made to host 'reqres.in'. Adding certificate verification is strongly advised. See: https://urllib3.readthedocs.io/en/latest/advanced-usage.html#tls-warnings
  warnings.warn(</msg>
<msg time="2025-02-27T22:06:54.704200" level="INFO">${resposta} = &lt;Response [200]&gt;</msg>
<var>${resposta}</var>
<arg>reqres</arg>
<arg>/api/users</arg>
<arg>params=page=3</arg>
<arg>expected_status=any</arg>
<doc>Sends a GET request on a previously created HTTP Session.</doc>
<status status="PASS" start="2025-02-27T22:06:54.520497" elapsed="0.183793"/>
</kw>
<kw name="Log" owner="BuiltIn">
<msg time="2025-02-27T22:06:54.705629" level="INFO">{"page":3,"per_page":6,"total":12,"total_pages":2,"data":[],"support":{"url":"https://contentcaddy.io?utm_source=reqres&amp;utm_medium=json&amp;utm_campaign=referral","text":"Tired of writing endless social media content? Let Content Caddy generate it for you."}}</msg>
<arg>${resposta.text}</arg>
<doc>Logs the given message with the given level.</doc>
<status status="PASS" start="2025-02-27T22:06:54.704680" elapsed="0.001036"/>
</kw>
<kw name="Set Suite Variable" owner="BuiltIn">
<msg time="2025-02-27T22:06:54.706227" level="INFO">${resposta} = &lt;Response [200]&gt;</msg>
<arg>${resposta}</arg>
<doc>Makes a variable available everywhere within the scope of the current suite.</doc>
<status status="PASS" start="2025-02-27T22:06:54.705942" elapsed="0.000347"/>
</kw>
<status status="PASS" start="2025-02-27T22:06:54.519000" elapsed="0.187387"/>
</kw>
<kw name="ENTÃO A API DEVE RETORNAR" owner="api_reqres">
<kw name="Should Be Equal As Strings" owner="BuiltIn">
<msg time="2025-02-27T22:06:54.707875" level="INFO">Argument types are:
&lt;class 'int'&gt;
&lt;class 'str'&gt;</msg>
<arg>${resposta.status_code}</arg>
<arg>${status_code_desejado}</arg>
<doc>Fails if objects are unequal after converting them to strings.</doc>
<status status="PASS" start="2025-02-27T22:06:54.707130" elapsed="0.000826"/>
</kw>
<arg>200</arg>
<status status="PASS" start="2025-02-27T22:06:54.706742" elapsed="0.001314"/>
</kw>
<status status="PASS" start="2025-02-27T22:06:54.515737" elapsed="0.192584"/>
</test>
<test id="s1-t4" name="CONSULTAR USUARIOS COM SUCESSO COM PARAMETRO" line="27">
<kw name="DADO QUE CONSULTE UM SINGLE USER NO ENDPOINT /api/users" owner="api_reqres">
<kw name="Create Session" owner="RequestsLibrary">
<msg time="2025-02-27T22:06:54.711053" level="INFO">Creating Session using : alias=reqres, url=https://reqres.in, headers={},                     cookies={}, auth=None, timeout=None, proxies=None, verify=False,                     debug=0 </msg>
<arg>reqres</arg>
<arg>${url_reqres}</arg>
<doc>Create Session: create a HTTP session to a server</doc>
<status status="PASS" start="2025-02-27T22:06:54.710816" elapsed="0.000560"/>
</kw>
<status status="PASS" start="2025-02-27T22:06:54.710307" elapsed="0.001200"/>
</kw>
<kw name="QUANDO EU PASSAR O PARAMETRO ID=2" owner="api_reqres">
<kw name="Create Dictionary" owner="BuiltIn">
<msg time="2025-02-27T22:06:54.713431" level="INFO">${headers} = {'content-type': 'application/json'}</msg>
<var>${headers}</var>
<arg>content-type=application/json</arg>
<doc>Creates and returns a dictionary based on the given ``items``.</doc>
<status status="PASS" start="2025-02-27T22:06:54.712837" elapsed="0.000660"/>
</kw>
<kw name="GET On Session" owner="RequestsLibrary">
<msg time="2025-02-27T22:06:54.881893" level="INFO">GET Request : url=https://reqres.in/api/users/2 
 path_url=/api/users/2 
 headers={'User-Agent': 'python-requests/2.32.3', 'Accept-Encoding': 'gzip, deflate', 'Accept': '*/*', 'Connection': 'keep-alive'} 
 body=None 
 </msg>
<msg time="2025-02-27T22:06:54.882120" level="INFO">GET Response : url=https://reqres.in/api/users/2 
 status=200, reason=OK 
 headers={'Date': 'Fri, 28 Feb 2025 01:06:55 GMT', 'Content-Type': 'application/json; charset=utf-8', 'Transfer-Encoding': 'chunked', 'Connection': 'keep-alive', 'Report-To': '{"group":"heroku-nel","max_age":3600,"endpoints":[{"url":"https://nel.heroku.com/reports?ts=1740662251&amp;sid=c4c9725f-1ab0-44d8-820f-430df2718e11&amp;s=U0F3tlfxMTyBV%2FFDWNDOjD0nJkhPtziPnrmjAY0aNCE%3D"}]}', 'Reporting-Endpoints': 'heroku-nel=https://nel.heroku.com/reports?ts=1740662251&amp;sid=c4c9725f-1ab0-44d8-820f-430df2718e11&amp;s=U0F3tlfxMTyBV%2FFDWNDOjD0nJkhPtziPnrmjAY0aNCE%3D', 'Nel': '{"report_to":"heroku-nel","max_age":3600,"success_fraction":0.005,"failure_fraction":0.05,"response_headers":["Via"]}', 'X-Powered-By': 'Express', 'Access-Control-Allow-Origin': '*', 'Etag': 'W/"152-ApQgGHL6RKwaebFlrPCYPBO1xHg"', 'Via': '1.1 vegur', 'Cache-Control': 'max-age=14400', 'CF-Cache-Status': 'HIT', 'Age': '1936', 'Vary': 'Accept-Encoding', 'Server': 'cloudflare', 'CF-RAY': '918c83c67ae84b28-GRU', 'Content-Encoding': 'gzip', 'server-timing': 'cfL4;desc="?proto=TCP&amp;rtt=23971&amp;min_rtt=21345&amp;rtt_var=10930&amp;sent=5&amp;recv=6&amp;lost=0&amp;retrans=0&amp;sent_bytes=2834&amp;recv_bytes=770&amp;delivery_rate=107956&amp;cwnd=252&amp;unsent_bytes=0&amp;cid=87f77c599057978e&amp;ts=57&amp;x=0"'} 
 body={"data":{"id":2,"email":"janet.weaver@reqres.in","first_name":"Janet","last_name":"Weaver","avatar":"https://reqres.in/img/faces/2-image.jpg"},"support":{"url":"https://contentcaddy.io?utm_source=reqres&amp;utm_medium=json&amp;utm_campaign=referral","text":"Tired of writing endless social media content? Let Content Caddy generate it for you."}} 
 </msg>
<msg time="2025-02-27T22:06:54.882482" level="INFO">C:\Users\André\AppData\Local\Programs\Python\Python313\Lib\site-packages\urllib3\connectionpool.py:1099: InsecureRequestWarning: Unverified HTTPS request is being made to host 'reqres.in'. Adding certificate verification is strongly advised. See: https://urllib3.readthedocs.io/en/latest/advanced-usage.html#tls-warnings
  warnings.warn(</msg>
<msg time="2025-02-27T22:06:54.883701" level="INFO">${resposta} = &lt;Response [200]&gt;</msg>
<var>${resposta}</var>
<arg>reqres</arg>
<arg>/api/users/2</arg>
<arg>expected_status=any</arg>
<doc>Sends a GET request on a previously created HTTP Session.</doc>
<status status="PASS" start="2025-02-27T22:06:54.713731" elapsed="0.170057"/>
</kw>
<kw name="Log" owner="BuiltIn">
<msg time="2025-02-27T22:06:54.885392" level="INFO">{"data":{"id":2,"email":"janet.weaver@reqres.in","first_name":"Janet","last_name":"Weaver","avatar":"https://reqres.in/img/faces/2-image.jpg"},"support":{"url":"https://contentcaddy.io?utm_source=reqres&amp;utm_medium=json&amp;utm_campaign=referral","text":"Tired of writing endless social media content? Let Content Caddy generate it for you."}}</msg>
<arg>${resposta.text}</arg>
<doc>Logs the given message with the given level.</doc>
<status status="PASS" start="2025-02-27T22:06:54.884147" elapsed="0.001421"/>
</kw>
<kw name="Set Suite Variable" owner="BuiltIn">
<msg time="2025-02-27T22:06:54.886244" level="INFO">${resposta} = &lt;Response [200]&gt;</msg>
<arg>${resposta}</arg>
<doc>Makes a variable available everywhere within the scope of the current suite.</doc>
<status status="PASS" start="2025-02-27T22:06:54.885859" elapsed="0.000466"/>
</kw>
<status status="PASS" start="2025-02-27T22:06:54.711981" elapsed="0.174470"/>
</kw>
<kw name="ENTÃO A API DEVE RETORNAR" owner="api_reqres">
<kw name="Should Be Equal As Strings" owner="BuiltIn">
<msg time="2025-02-27T22:06:54.889366" level="INFO">Argument types are:
&lt;class 'int'&gt;
&lt;class 'str'&gt;</msg>
<arg>${resposta.status_code}</arg>
<arg>${status_code_desejado}</arg>
<doc>Fails if objects are unequal after converting them to strings.</doc>
<status status="PASS" start="2025-02-27T22:06:54.888047" elapsed="0.001472"/>
</kw>
<arg>200</arg>
<status status="PASS" start="2025-02-27T22:06:54.887282" elapsed="0.002434"/>
</kw>
<status status="PASS" start="2025-02-27T22:06:54.709407" elapsed="0.180794"/>
</test>
<test id="s1-t5" name="CONSULTAR USUARIOS COM SUCESSO SEM ID" line="33">
<kw name="DADO QUE CONSULTE UM SINGLE USER NO ENDPOINT /api/users" owner="api_reqres">
<kw name="Create Session" owner="RequestsLibrary">
<msg time="2025-02-27T22:06:54.893651" level="INFO">Creating Session using : alias=reqres, url=https://reqres.in, headers={},                     cookies={}, auth=None, timeout=None, proxies=None, verify=False,                     debug=0 </msg>
<arg>reqres</arg>
<arg>${url_reqres}</arg>
<doc>Create Session: create a HTTP session to a server</doc>
<status status="PASS" start="2025-02-27T22:06:54.893301" elapsed="0.000727"/>
</kw>
<status status="PASS" start="2025-02-27T22:06:54.892693" elapsed="0.001533"/>
</kw>
<kw name="QUANDO EU NÃO PASSAR O PARAMETRO ID" owner="api_reqres">
<kw name="Create Dictionary" owner="BuiltIn">
<msg time="2025-02-27T22:06:54.896045" level="INFO">${headers} = {'content-type': 'application/json'}</msg>
<var>${headers}</var>
<arg>content-type=application/json</arg>
<doc>Creates and returns a dictionary based on the given ``items``.</doc>
<status status="PASS" start="2025-02-27T22:06:54.895522" elapsed="0.000606"/>
</kw>
<kw name="GET On Session" owner="RequestsLibrary">
<msg time="2025-02-27T22:06:55.024111" level="INFO">GET Request : url=https://reqres.in/api/users 
 path_url=/api/users 
 headers={'User-Agent': 'python-requests/2.32.3', 'Accept-Encoding': 'gzip, deflate', 'Accept': '*/*', 'Connection': 'keep-alive'} 
 body=None 
 </msg>
<msg time="2025-02-27T22:06:55.024278" level="INFO">GET Response : url=https://reqres.in/api/users 
 status=200, reason=OK 
 headers={'Date': 'Fri, 28 Feb 2025 01:06:55 GMT', 'Content-Type': 'application/json; charset=utf-8', 'Transfer-Encoding': 'chunked', 'Connection': 'keep-alive', 'Report-To': '{"group":"heroku-nel","max_age":3600,"endpoints":[{"url":"https://nel.heroku.com/reports?ts=1740698894&amp;sid=c4c9725f-1ab0-44d8-820f-430df2718e11&amp;s=wyzwZeCJlVeySSDJVhuZ17Dc4IlabnlmoJ8jFMlnRtQ%3D"}]}', 'Reporting-Endpoints': 'heroku-nel=https://nel.heroku.com/reports?ts=1740698894&amp;sid=c4c9725f-1ab0-44d8-820f-430df2718e11&amp;s=wyzwZeCJlVeySSDJVhuZ17Dc4IlabnlmoJ8jFMlnRtQ%3D', 'Nel': '{"report_to":"heroku-nel","max_age":3600,"success_fraction":0.005,"failure_fraction":0.05,"response_headers":["Via"]}', 'X-Powered-By': 'Express', 'Access-Control-Allow-Origin': '*', 'Etag': 'W/"41e-bY3U72nulxuwNd/TmihMEHjLmek"', 'Via': '1.1 vegur', 'Cache-Control': 'max-age=14400', 'CF-Cache-Status': 'HIT', 'Age': '5921', 'Vary': 'Accept-Encoding', 'Server': 'cloudflare', 'CF-RAY': '918c83c7680300c2-GRU', 'Content-Encoding': 'gzip', 'server-timing': 'cfL4;desc="?proto=TCP&amp;rtt=22271&amp;min_rtt=17471&amp;rtt_var=7920&amp;sent=5&amp;recv=6&amp;lost=0&amp;retrans=0&amp;sent_bytes=2836&amp;recv_bytes=768&amp;delivery_rate=167549&amp;cwnd=252&amp;unsent_bytes=0&amp;cid=0e61cb7d3011e9a5&amp;ts=41&amp;x=0"'} 
 body={"page":1,"per_page":6,"total":12,"total_pages":2,"data":[{"id":1,"email":"george.bluth@reqres.in","first_name":"George","last_name":"Bluth","avatar":"https://reqres.in/img/faces/1-image.jpg"},{"id":2,"email":"janet.weaver@reqres.in","first_name":"Janet","last_name":"Weaver","avatar":"https://reqres.in/img/faces/2-image.jpg"},{"id":3,"email":"emma.wong@reqres.in","first_name":"Emma","last_name":"Wong","avatar":"https://reqres.in/img/faces/3-image.jpg"},{"id":4,"email":"eve.holt@reqres.in","first_name":"Eve","last_name":"Holt","avatar":"https://reqres.in/img/faces/4-image.jpg"},{"id":5,"email":"charles.morris@reqres.in","first_name":"Charles","last_name":"Morris","avatar":"https://reqres.in/img/faces/5-image.jpg"},{"id":6,"email":"tracey.ramos@reqres.in","first_name":"Tracey","last_name":"Ramos","avatar":"https://reqres.in/img/faces/6-image.jpg"}],"support":{"url":"https://contentcaddy.io?utm_source=reqres&amp;utm_medium=json&amp;utm_campaign=referral","text":"Tired of writing endless social media content? Let Content Caddy generate it for you."}} 
 </msg>
<msg time="2025-02-27T22:06:55.024420" level="INFO">C:\Users\André\AppData\Local\Programs\Python\Python313\Lib\site-packages\urllib3\connectionpool.py:1099: InsecureRequestWarning: Unverified HTTPS request is being made to host 'reqres.in'. Adding certificate verification is strongly advised. See: https://urllib3.readthedocs.io/en/latest/advanced-usage.html#tls-warnings
  warnings.warn(</msg>
<msg time="2025-02-27T22:06:55.025477" level="INFO">${resposta} = &lt;Response [200]&gt;</msg>
<var>${resposta}</var>
<arg>reqres</arg>
<arg>/api/users</arg>
<arg>expected_status=any</arg>
<doc>Sends a GET request on a previously created HTTP Session.</doc>
<status status="PASS" start="2025-02-27T22:06:54.896472" elapsed="0.129102"/>
</kw>
<kw name="Log" owner="BuiltIn">
<msg time="2025-02-27T22:06:55.026917" level="INFO">{"page":1,"per_page":6,"total":12,"total_pages":2,"data":[{"id":1,"email":"george.bluth@reqres.in","first_name":"George","last_name":"Bluth","avatar":"https://reqres.in/img/faces/1-image.jpg"},{"id":2,"email":"janet.weaver@reqres.in","first_name":"Janet","last_name":"Weaver","avatar":"https://reqres.in/img/faces/2-image.jpg"},{"id":3,"email":"emma.wong@reqres.in","first_name":"Emma","last_name":"Wong","avatar":"https://reqres.in/img/faces/3-image.jpg"},{"id":4,"email":"eve.holt@reqres.in","first_name":"Eve","last_name":"Holt","avatar":"https://reqres.in/img/faces/4-image.jpg"},{"id":5,"email":"charles.morris@reqres.in","first_name":"Charles","last_name":"Morris","avatar":"https://reqres.in/img/faces/5-image.jpg"},{"id":6,"email":"tracey.ramos@reqres.in","first_name":"Tracey","last_name":"Ramos","avatar":"https://reqres.in/img/faces/6-image.jpg"}],"support":{"url":"https://contentcaddy.io?utm_source=reqres&amp;utm_medium=json&amp;utm_campaign=referral","text":"Tired of writing endless social media content? Let Content Caddy generate it for you."}}</msg>
<arg>${resposta.text}</arg>
<doc>Logs the given message with the given level.</doc>
<status status="PASS" start="2025-02-27T22:06:55.025942" elapsed="0.001223"/>
</kw>
<kw name="Set Suite Variable" owner="BuiltIn">
<msg time="2025-02-27T22:06:55.027733" level="INFO">${resposta} = &lt;Response [200]&gt;</msg>
<arg>${resposta}</arg>
<doc>Makes a variable available everywhere within the scope of the current suite.</doc>
<status status="PASS" start="2025-02-27T22:06:55.027396" elapsed="0.000421"/>
</kw>
<status status="PASS" start="2025-02-27T22:06:54.894837" elapsed="0.133084"/>
</kw>
<kw name="ENTÃO A API DEVE RETORNAR" owner="api_reqres">
<kw name="Should Be Equal As Strings" owner="BuiltIn">
<msg time="2025-02-27T22:06:55.030211" level="INFO">Argument types are:
&lt;class 'int'&gt;
&lt;class 'str'&gt;</msg>
<arg>${resposta.status_code}</arg>
<arg>${status_code_desejado}</arg>
<doc>Fails if objects are unequal after converting them to strings.</doc>
<status status="PASS" start="2025-02-27T22:06:55.028995" elapsed="0.001329"/>
</kw>
<arg>200</arg>
<status status="PASS" start="2025-02-27T22:06:55.028297" elapsed="0.002150"/>
</kw>
<status status="PASS" start="2025-02-27T22:06:54.891532" elapsed="0.139233"/>
</test>
<test id="s1-t6" name="QUANDO EU CONSULTAR USUARIOS COM ID INVALIDO" line="38">
<kw name="DADO QUE CONSULTE UM SINGLE USER NO ENDPOINT /api/users" owner="api_reqres">
<kw name="Create Session" owner="RequestsLibrary">
<msg time="2025-02-27T22:06:55.033643" level="INFO">Creating Session using : alias=reqres, url=https://reqres.in, headers={},                     cookies={}, auth=None, timeout=None, proxies=None, verify=False,                     debug=0 </msg>
<arg>reqres</arg>
<arg>${url_reqres}</arg>
<doc>Create Session: create a HTTP session to a server</doc>
<status status="PASS" start="2025-02-27T22:06:55.033423" elapsed="0.000453"/>
</kw>
<status status="PASS" start="2025-02-27T22:06:55.032992" elapsed="0.000998"/>
</kw>
<kw name="QUANDO EU PASSAR O PARAMETRO COM ID INVALIDO" owner="api_reqres">
<kw name="Create Dictionary" owner="BuiltIn">
<msg time="2025-02-27T22:06:55.035042" level="INFO">${headers} = {'content-type': 'application/json'}</msg>
<var>${headers}</var>
<arg>content-type=application/json</arg>
<doc>Creates and returns a dictionary based on the given ``items``.</doc>
<status status="PASS" start="2025-02-27T22:06:55.034730" elapsed="0.000367"/>
</kw>
<kw name="GET On Session" owner="RequestsLibrary">
<msg time="2025-02-27T22:06:55.554936" level="INFO">GET Request : url=https://reqres.in/api/users/23 
 path_url=/api/users/23 
 headers={'User-Agent': 'python-requests/2.32.3', 'Accept-Encoding': 'gzip, deflate', 'Accept': '*/*', 'Connection': 'keep-alive'} 
 body=None 
 </msg>
<msg time="2025-02-27T22:06:55.555135" level="INFO">GET Response : url=https://reqres.in/api/users/23 
 status=404, reason=Not Found 
 headers={'Date': 'Fri, 28 Feb 2025 01:06:55 GMT', 'Content-Type': 'application/json; charset=utf-8', 'Content-Length': '2', 'Connection': 'keep-alive', 'Report-To': '{"group":"heroku-nel","max_age":3600,"endpoints":[{"url":"https://nel.heroku.com/reports?ts=1740704815&amp;sid=c4c9725f-1ab0-44d8-820f-430df2718e11&amp;s=LT4tBTbR95YvLg0QTafWrltxytxxZUqypxiUkT1%2BWN8%3D"}]}', 'Reporting-Endpoints': 'heroku-nel=https://nel.heroku.com/reports?ts=1740704815&amp;sid=c4c9725f-1ab0-44d8-820f-430df2718e11&amp;s=LT4tBTbR95YvLg0QTafWrltxytxxZUqypxiUkT1%2BWN8%3D', 'Nel': '{"report_to":"heroku-nel","max_age":3600,"success_fraction":0.005,"failure_fraction":0.05,"response_headers":["Via"]}', 'X-Powered-By': 'Express', 'Access-Control-Allow-Origin': '*', 'Etag': 'W/"2-vyGp6PvFo4RvsFtPoIWeCReyIC8"', 'Via': '1.1 vegur', 'Cache-Control': 'max-age=14400', 'CF-Cache-Status': 'EXPIRED', 'Vary': 'Accept-Encoding', 'Server': 'cloudflare', 'CF-RAY': '918c83c87f626b0e-GRU', 'server-timing': 'cfL4;desc="?proto=TCP&amp;rtt=31296&amp;min_rtt=24778&amp;rtt_var=10476&amp;sent=5&amp;recv=6&amp;lost=0&amp;retrans=0&amp;sent_bytes=2834&amp;recv_bytes=771&amp;delivery_rate=130060&amp;cwnd=252&amp;unsent_bytes=0&amp;cid=3bae054e1c41c3f8&amp;ts=418&amp;x=0"'} 
 body={} 
 </msg>
<msg time="2025-02-27T22:06:55.555294" level="INFO">C:\Users\André\AppData\Local\Programs\Python\Python313\Lib\site-packages\urllib3\connectionpool.py:1099: InsecureRequestWarning: Unverified HTTPS request is being made to host 'reqres.in'. Adding certificate verification is strongly advised. See: https://urllib3.readthedocs.io/en/latest/advanced-usage.html#tls-warnings
  warnings.warn(</msg>
<msg time="2025-02-27T22:06:55.556524" level="INFO">${resposta} = &lt;Response [404]&gt;</msg>
<var>${resposta}</var>
<arg>reqres</arg>
<arg>/api/users/23</arg>
<arg>expected_status=any</arg>
<doc>Sends a GET request on a previously created HTTP Session.</doc>
<status status="PASS" start="2025-02-27T22:06:55.035319" elapsed="0.521294"/>
</kw>
<kw name="Log" owner="BuiltIn">
<msg time="2025-02-27T22:06:55.558265" level="INFO">{}</msg>
<arg>${resposta.text}</arg>
<doc>Logs the given message with the given level.</doc>
<status status="PASS" start="2025-02-27T22:06:55.556983" elapsed="0.001416"/>
</kw>
<kw name="Set Suite Variable" owner="BuiltIn">
<msg time="2025-02-27T22:06:55.559072" level="INFO">${resposta} = &lt;Response [404]&gt;</msg>
<arg>${resposta}</arg>
<doc>Makes a variable available everywhere within the scope of the current suite.</doc>
<status status="PASS" start="2025-02-27T22:06:55.558734" elapsed="0.000409"/>
</kw>
<status status="PASS" start="2025-02-27T22:06:55.034378" elapsed="0.524870"/>
</kw>
<kw name="ENTÃO A API DEVE RETORNAR" owner="api_reqres">
<kw name="Should Be Equal As Strings" owner="BuiltIn">
<msg time="2025-02-27T22:06:55.561266" level="INFO">Argument types are:
&lt;class 'int'&gt;
&lt;class 'str'&gt;</msg>
<arg>${resposta.status_code}</arg>
<arg>${status_code_desejado}</arg>
<doc>Fails if objects are unequal after converting them to strings.</doc>
<status status="PASS" start="2025-02-27T22:06:55.560399" elapsed="0.000958"/>
</kw>
<arg>404</arg>
<status status="PASS" start="2025-02-27T22:06:55.559653" elapsed="0.001815"/>
</kw>
<status status="PASS" start="2025-02-27T22:06:55.031890" elapsed="0.529983"/>
</test>
<test id="s1-t7" name="CONSULTAR USUARIOS COM ENDPOINT DESCONHECIDO SEM O PARAMETRO" line="44">
<kw name="DADO QUE EU CONSULTE O ENDPOINT DESCONHECIDO" owner="api_reqres">
<kw name="Create Session" owner="RequestsLibrary">
<msg time="2025-02-27T22:06:55.565195" level="INFO">Creating Session using : alias=reqres, url=https://reqres.in, headers={},                     cookies={}, auth=None, timeout=None, proxies=None, verify=False,                     debug=0 </msg>
<arg>reqres</arg>
<arg>${url_reqres}</arg>
<doc>Create Session: create a HTTP session to a server</doc>
<status status="PASS" start="2025-02-27T22:06:55.564912" elapsed="0.000622"/>
</kw>
<status status="PASS" start="2025-02-27T22:06:55.564529" elapsed="0.001185"/>
</kw>
<kw name="QUANDO EU PASSAR SEM PARAMETRO" owner="api_reqres">
<kw name="Create Dictionary" owner="BuiltIn">
<msg time="2025-02-27T22:06:55.566974" level="INFO">${headers} = {'content-type': 'application/json'}</msg>
<var>${headers}</var>
<arg>content-type=application/json</arg>
<doc>Creates and returns a dictionary based on the given ``items``.</doc>
<status status="PASS" start="2025-02-27T22:06:55.566696" elapsed="0.000327"/>
</kw>
<kw name="GET On Session" owner="RequestsLibrary">
<msg time="2025-02-27T22:06:55.699420" level="INFO">GET Request : url=https://reqres.in/api/unknown 
 path_url=/api/unknown 
 headers={'User-Agent': 'python-requests/2.32.3', 'Accept-Encoding': 'gzip, deflate', 'Accept': '*/*', 'Connection': 'keep-alive'} 
 body=None 
 </msg>
<msg time="2025-02-27T22:06:55.699612" level="INFO">GET Response : url=https://reqres.in/api/unknown 
 status=200, reason=OK 
 headers={'Date': 'Fri, 28 Feb 2025 01:06:55 GMT', 'Content-Type': 'application/json; charset=utf-8', 'Transfer-Encoding': 'chunked', 'Connection': 'keep-alive', 'Report-To': '{"group":"heroku-nel","max_age":3600,"endpoints":[{"url":"https://nel.heroku.com/reports?ts=1740444249&amp;sid=c4c9725f-1ab0-44d8-820f-430df2718e11&amp;s=0ZLxNlcJtsFsTqznJXL1ORvQTchWB1H2AcOTdfhLYY0%3D"}]}', 'Reporting-Endpoints': 'heroku-nel=https://nel.heroku.com/reports?ts=1740444249&amp;sid=c4c9725f-1ab0-44d8-820f-430df2718e11&amp;s=0ZLxNlcJtsFsTqznJXL1ORvQTchWB1H2AcOTdfhLYY0%3D', 'Nel': '{"report_to":"heroku-nel","max_age":3600,"success_fraction":0.005,"failure_fraction":0.05,"response_headers":["Via"]}', 'X-Powered-By': 'Express', 'Access-Control-Allow-Origin': '*', 'Etag': 'W/"2fb-zJ/iiAzm4zf7SruyfEtNo0xEDoY"', 'Via': '1.1 vegur', 'Cache-Control': 'max-age=14400', 'CF-Cache-Status': 'HIT', 'Age': '6596', 'Vary': 'Accept-Encoding', 'Server': 'cloudflare', 'CF-RAY': '918c83cba95a4cf7-GRU', 'Content-Encoding': 'gzip', 'server-timing': 'cfL4;desc="?proto=TCP&amp;rtt=22826&amp;min_rtt=21801&amp;rtt_var=7930&amp;sent=5&amp;recv=6&amp;lost=0&amp;retrans=0&amp;sent_bytes=2836&amp;recv_bytes=770&amp;delivery_rate=154125&amp;cwnd=252&amp;unsent_bytes=0&amp;cid=d462788bbec61899&amp;ts=42&amp;x=0"'} 
 body={"page":1,"per_page":6,"total":12,"total_pages":2,"data":[{"id":1,"name":"cerulean","year":2000,"color":"#98B2D1","pantone_value":"15-4020"},{"id":2,"name":"fuchsia rose","year":2001,"color":"#C74375","pantone_value":"17-2031"},{"id":3,"name":"true red","year":2002,"color":"#BF1932","pantone_value":"19-1664"},{"id":4,"name":"aqua sky","year":2003,"color":"#7BC4C4","pantone_value":"14-4811"},{"id":5,"name":"tigerlily","year":2004,"color":"#E2583E","pantone_value":"17-1456"},{"id":6,"name":"blue turquoise","year":2005,"color":"#53B0AE","pantone_value":"15-5217"}],"support":{"url":"https://contentcaddy.io?utm_source=reqres&amp;utm_medium=json&amp;utm_campaign=referral","text":"Tired of writing endless social media content? Let Content Caddy generate it for you."}} 
 </msg>
<msg time="2025-02-27T22:06:55.699921" level="INFO">C:\Users\André\AppData\Local\Programs\Python\Python313\Lib\site-packages\urllib3\connectionpool.py:1099: InsecureRequestWarning: Unverified HTTPS request is being made to host 'reqres.in'. Adding certificate verification is strongly advised. See: https://urllib3.readthedocs.io/en/latest/advanced-usage.html#tls-warnings
  warnings.warn(</msg>
<msg time="2025-02-27T22:06:55.701084" level="INFO">${resposta} = &lt;Response [200]&gt;</msg>
<var>${resposta}</var>
<arg>reqres</arg>
<arg>/api/unknown</arg>
<arg>expected_status=any</arg>
<doc>Sends a GET request on a previously created HTTP Session.</doc>
<status status="PASS" start="2025-02-27T22:06:55.567206" elapsed="0.133979"/>
</kw>
<kw name="Log" owner="BuiltIn">
<msg time="2025-02-27T22:06:55.702699" level="INFO">{"page":1,"per_page":6,"total":12,"total_pages":2,"data":[{"id":1,"name":"cerulean","year":2000,"color":"#98B2D1","pantone_value":"15-4020"},{"id":2,"name":"fuchsia rose","year":2001,"color":"#C74375","pantone_value":"17-2031"},{"id":3,"name":"true red","year":2002,"color":"#BF1932","pantone_value":"19-1664"},{"id":4,"name":"aqua sky","year":2003,"color":"#7BC4C4","pantone_value":"14-4811"},{"id":5,"name":"tigerlily","year":2004,"color":"#E2583E","pantone_value":"17-1456"},{"id":6,"name":"blue turquoise","year":2005,"color":"#53B0AE","pantone_value":"15-5217"}],"support":{"url":"https://contentcaddy.io?utm_source=reqres&amp;utm_medium=json&amp;utm_campaign=referral","text":"Tired of writing endless social media content? Let Content Caddy generate it for you."}}</msg>
<arg>${resposta.text}</arg>
<doc>Logs the given message with the given level.</doc>
<status status="PASS" start="2025-02-27T22:06:55.701558" elapsed="0.001234"/>
</kw>
<kw name="Set Suite Variable" owner="BuiltIn">
<msg time="2025-02-27T22:06:55.703286" level="INFO">${resposta} = &lt;Response [200]&gt;</msg>
<arg>${resposta}</arg>
<doc>Makes a variable available everywhere within the scope of the current suite.</doc>
<status status="PASS" start="2025-02-27T22:06:55.702995" elapsed="0.000355"/>
</kw>
<status status="PASS" start="2025-02-27T22:06:55.566268" elapsed="0.137179"/>
</kw>
<kw name="ENTÃO A API DEVE RETORNAR" owner="api_reqres">
<kw name="Should Be Equal As Strings" owner="BuiltIn">
<msg time="2025-02-27T22:06:55.704957" level="INFO">Argument types are:
&lt;class 'int'&gt;
&lt;class 'str'&gt;</msg>
<arg>${resposta.status_code}</arg>
<arg>${status_code_desejado}</arg>
<doc>Fails if objects are unequal after converting them to strings.</doc>
<status status="PASS" start="2025-02-27T22:06:55.704229" elapsed="0.000813"/>
</kw>
<arg>200</arg>
<status status="PASS" start="2025-02-27T22:06:55.703837" elapsed="0.001298"/>
</kw>
<kw name="ENTÃO VALIDO O CONTEUDO DO RESPONSE BODY DESCONHECIDO LISTA" owner="api_reqres">
<kw name="Convert String To Json" owner="JSONLibrary">
<msg time="2025-02-27T22:06:55.706727" level="INFO">${Json_response} = {'page': 1, 'per_page': 6, 'total': 12, 'total_pages': 2, 'data': [{'id': 1, 'name': 'cerulean', 'year': 2000, 'color': '#98B2D1', 'pantone_value': '15-4020'}, {'id': 2, 'name': 'fuchsia rose', 'year'...</msg>
<var>${Json_response}</var>
<arg>${resposta.text}</arg>
<doc>Convert String to JSON object</doc>
<status status="PASS" start="2025-02-27T22:06:55.705921" elapsed="0.000877"/>
</kw>
<kw name="Get From Dictionary" owner="Collections">
<msg time="2025-02-27T22:06:55.707565" level="INFO">${data_list} = [{'id': 1, 'name': 'cerulean', 'year': 2000, 'color': '#98B2D1', 'pantone_value': '15-4020'}, {'id': 2, 'name': 'fuchsia rose', 'year': 2001, 'color': '#C74375', 'pantone_value': '17-2031'}, {'id': 3,...</msg>
<var>${data_list}</var>
<arg>${Json_response}</arg>
<arg>data</arg>
<doc>Returns a value from the given ``dictionary`` based on the given ``key``.</doc>
<status status="PASS" start="2025-02-27T22:06:55.707080" elapsed="0.000687"/>
</kw>
<for flavor="IN">
<iter>
<kw name="Dictionary Should Contain Key" owner="Collections">
<arg>${item}</arg>
<arg>id</arg>
<doc>Fails if ``key`` is not found from ``dictionary``.</doc>
<status status="PASS" start="2025-02-27T22:06:55.708653" elapsed="0.000440"/>
</kw>
<kw name="Dictionary Should Contain Key" owner="Collections">
<arg>${item}</arg>
<arg>name</arg>
<doc>Fails if ``key`` is not found from ``dictionary``.</doc>
<status status="PASS" start="2025-02-27T22:06:55.709453" elapsed="0.000641"/>
</kw>
<kw name="Dictionary Should Contain Key" owner="Collections">
<arg>${item}</arg>
<arg>year</arg>
<doc>Fails if ``key`` is not found from ``dictionary``.</doc>
<status status="PASS" start="2025-02-27T22:06:55.710546" elapsed="0.000432"/>
</kw>
<kw name="Dictionary Should Contain Key" owner="Collections">
<arg>${item}</arg>
<arg>color</arg>
<doc>Fails if ``key`` is not found from ``dictionary``.</doc>
<status status="PASS" start="2025-02-27T22:06:55.711312" elapsed="0.000515"/>
</kw>
<kw name="Dictionary Should Contain Key" owner="Collections">
<arg>${item}</arg>
<arg>pantone_value</arg>
<doc>Fails if ``key`` is not found from ``dictionary``.</doc>
<status status="PASS" start="2025-02-27T22:06:55.712112" elapsed="0.000344"/>
</kw>
<var name="${item}">{'id': 1, 'name': 'cerulean', 'year': 2000, 'color': '#98B2D1', 'pantone_value': '15-4020'}</var>
<status status="PASS" start="2025-02-27T22:06:55.708396" elapsed="0.004168"/>
</iter>
<iter>
<kw name="Dictionary Should Contain Key" owner="Collections">
<arg>${item}</arg>
<arg>id</arg>
<doc>Fails if ``key`` is not found from ``dictionary``.</doc>
<status status="PASS" start="2025-02-27T22:06:55.713032" elapsed="0.000301"/>
</kw>
<kw name="Dictionary Should Contain Key" owner="Collections">
<arg>${item}</arg>
<arg>name</arg>
<doc>Fails if ``key`` is not found from ``dictionary``.</doc>
<status status="PASS" start="2025-02-27T22:06:55.713579" elapsed="0.000320"/>
</kw>
<kw name="Dictionary Should Contain Key" owner="Collections">
<arg>${item}</arg>
<arg>year</arg>
<doc>Fails if ``key`` is not found from ``dictionary``.</doc>
<status status="PASS" start="2025-02-27T22:06:55.714125" elapsed="0.000267"/>
</kw>
<kw name="Dictionary Should Contain Key" owner="Collections">
<arg>${item}</arg>
<arg>color</arg>
<doc>Fails if ``key`` is not found from ``dictionary``.</doc>
<status status="PASS" start="2025-02-27T22:06:55.714615" elapsed="0.000275"/>
</kw>
<kw name="Dictionary Should Contain Key" owner="Collections">
<arg>${item}</arg>
<arg>pantone_value</arg>
<doc>Fails if ``key`` is not found from ``dictionary``.</doc>
<status status="PASS" start="2025-02-27T22:06:55.715143" elapsed="0.000662"/>
</kw>
<var name="${item}">{'id': 2, 'name': 'fuchsia rose', 'year': 2001, 'color': '#C74375', 'pantone_value': '17-2031'}</var>
<status status="PASS" start="2025-02-27T22:06:55.712850" elapsed="0.003206"/>
</iter>
<iter>
<kw name="Dictionary Should Contain Key" owner="Collections">
<arg>${item}</arg>
<arg>id</arg>
<doc>Fails if ``key`` is not found from ``dictionary``.</doc>
<status status="PASS" start="2025-02-27T22:06:55.716823" elapsed="0.000531"/>
</kw>
<kw name="Dictionary Should Contain Key" owner="Collections">
<arg>${item}</arg>
<arg>name</arg>
<doc>Fails if ``key`` is not found from ``dictionary``.</doc>
<status status="PASS" start="2025-02-27T22:06:55.717709" elapsed="0.000492"/>
</kw>
<kw name="Dictionary Should Contain Key" owner="Collections">
<arg>${item}</arg>
<arg>year</arg>
<doc>Fails if ``key`` is not found from ``dictionary``.</doc>
<status status="PASS" start="2025-02-27T22:06:55.718600" elapsed="0.000526"/>
</kw>
<kw name="Dictionary Should Contain Key" owner="Collections">
<arg>${item}</arg>
<arg>color</arg>
<doc>Fails if ``key`` is not found from ``dictionary``.</doc>
<status status="PASS" start="2025-02-27T22:06:55.719536" elapsed="0.000881"/>
</kw>
<kw name="Dictionary Should Contain Key" owner="Collections">
<arg>${item}</arg>
<arg>pantone_value</arg>
<doc>Fails if ``key`` is not found from ``dictionary``.</doc>
<status status="PASS" start="2025-02-27T22:06:55.720780" elapsed="0.000482"/>
</kw>
<var name="${item}">{'id': 3, 'name': 'true red', 'year': 2002, 'color': '#BF1932', 'pantone_value': '19-1664'}</var>
<status status="PASS" start="2025-02-27T22:06:55.716559" elapsed="0.004930"/>
</iter>
<iter>
<kw name="Dictionary Should Contain Key" owner="Collections">
<arg>${item}</arg>
<arg>id</arg>
<doc>Fails if ``key`` is not found from ``dictionary``.</doc>
<status status="PASS" start="2025-02-27T22:06:55.722041" elapsed="0.000374"/>
</kw>
<kw name="Dictionary Should Contain Key" owner="Collections">
<arg>${item}</arg>
<arg>name</arg>
<doc>Fails if ``key`` is not found from ``dictionary``.</doc>
<status status="PASS" start="2025-02-27T22:06:55.722763" elapsed="0.000341"/>
</kw>
<kw name="Dictionary Should Contain Key" owner="Collections">
<arg>${item}</arg>
<arg>year</arg>
<doc>Fails if ``key`` is not found from ``dictionary``.</doc>
<status status="PASS" start="2025-02-27T22:06:55.723293" elapsed="0.000212"/>
</kw>
<kw name="Dictionary Should Contain Key" owner="Collections">
<arg>${item}</arg>
<arg>color</arg>
<doc>Fails if ``key`` is not found from ``dictionary``.</doc>
<status status="PASS" start="2025-02-27T22:06:55.723685" elapsed="0.000202"/>
</kw>
<kw name="Dictionary Should Contain Key" owner="Collections">
<arg>${item}</arg>
<arg>pantone_value</arg>
<doc>Fails if ``key`` is not found from ``dictionary``.</doc>
<status status="PASS" start="2025-02-27T22:06:55.724047" elapsed="0.000206"/>
</kw>
<var name="${item}">{'id': 4, 'name': 'aqua sky', 'year': 2003, 'color': '#7BC4C4', 'pantone_value': '14-4811'}</var>
<status status="PASS" start="2025-02-27T22:06:55.721826" elapsed="0.002495"/>
</iter>
<iter>
<kw name="Dictionary Should Contain Key" owner="Collections">
<arg>${item}</arg>
<arg>id</arg>
<doc>Fails if ``key`` is not found from ``dictionary``.</doc>
<status status="PASS" start="2025-02-27T22:06:55.724638" elapsed="0.000357"/>
</kw>
<kw name="Dictionary Should Contain Key" owner="Collections">
<arg>${item}</arg>
<arg>name</arg>
<doc>Fails if ``key`` is not found from ``dictionary``.</doc>
<status status="PASS" start="2025-02-27T22:06:55.725275" elapsed="0.000339"/>
</kw>
<kw name="Dictionary Should Contain Key" owner="Collections">
<arg>${item}</arg>
<arg>year</arg>
<doc>Fails if ``key`` is not found from ``dictionary``.</doc>
<status status="PASS" start="2025-02-27T22:06:55.725883" elapsed="0.000318"/>
</kw>
<kw name="Dictionary Should Contain Key" owner="Collections">
<arg>${item}</arg>
<arg>color</arg>
<doc>Fails if ``key`` is not found from ``dictionary``.</doc>
<status status="PASS" start="2025-02-27T22:06:55.726441" elapsed="0.000315"/>
</kw>
<kw name="Dictionary Should Contain Key" owner="Collections">
<arg>${item}</arg>
<arg>pantone_value</arg>
<doc>Fails if ``key`` is not found from ``dictionary``.</doc>
<status status="PASS" start="2025-02-27T22:06:55.726992" elapsed="0.000301"/>
</kw>
<var name="${item}">{'id': 5, 'name': 'tigerlily', 'year': 2004, 'color': '#E2583E', 'pantone_value': '17-1456'}</var>
<status status="PASS" start="2025-02-27T22:06:55.724510" elapsed="0.002876"/>
</iter>
<iter>
<kw name="Dictionary Should Contain Key" owner="Collections">
<arg>${item}</arg>
<arg>id</arg>
<doc>Fails if ``key`` is not found from ``dictionary``.</doc>
<status status="PASS" start="2025-02-27T22:06:55.727754" elapsed="0.000225"/>
</kw>
<kw name="Dictionary Should Contain Key" owner="Collections">
<arg>${item}</arg>
<arg>name</arg>
<doc>Fails if ``key`` is not found from ``dictionary``.</doc>
<status status="PASS" start="2025-02-27T22:06:55.728181" elapsed="0.000383"/>
</kw>
<kw name="Dictionary Should Contain Key" owner="Collections">
<arg>${item}</arg>
<arg>year</arg>
<doc>Fails if ``key`` is not found from ``dictionary``.</doc>
<status status="PASS" start="2025-02-27T22:06:55.728873" elapsed="0.000535"/>
</kw>
<kw name="Dictionary Should Contain Key" owner="Collections">
<arg>${item}</arg>
<arg>color</arg>
<doc>Fails if ``key`` is not found from ``dictionary``.</doc>
<status status="PASS" start="2025-02-27T22:06:55.729719" elapsed="0.000368"/>
</kw>
<kw name="Dictionary Should Contain Key" owner="Collections">
<arg>${item}</arg>
<arg>pantone_value</arg>
<doc>Fails if ``key`` is not found from ``dictionary``.</doc>
<status status="PASS" start="2025-02-27T22:06:55.730332" elapsed="0.000453"/>
</kw>
<var name="${item}">{'id': 6, 'name': 'blue turquoise', 'year': 2005, 'color': '#53B0AE', 'pantone_value': '15-5217'}</var>
<status status="PASS" start="2025-02-27T22:06:55.727623" elapsed="0.003248"/>
</iter>
<var>${item}</var>
<value>@{data_list}</value>
<status status="PASS" start="2025-02-27T22:06:55.707967" elapsed="0.022968"/>
</for>
<status status="PASS" start="2025-02-27T22:06:55.705562" elapsed="0.025488"/>
</kw>
<status status="PASS" start="2025-02-27T22:06:55.563453" elapsed="0.168027"/>
</test>
<test id="s1-t8" name="CONSULTAR USUARIOS COM ENDPOINT DESCONHECIDO COM PARAMETRO VALIDO" line="52">
<kw name="DADO QUE EU CONSULTE O ENDPOINT DESCONHECIDO" owner="api_reqres">
<kw name="Create Session" owner="RequestsLibrary">
<msg time="2025-02-27T22:06:55.733926" level="INFO">Creating Session using : alias=reqres, url=https://reqres.in, headers={},                     cookies={}, auth=None, timeout=None, proxies=None, verify=False,                     debug=0 </msg>
<arg>reqres</arg>
<arg>${url_reqres}</arg>
<doc>Create Session: create a HTTP session to a server</doc>
<status status="PASS" start="2025-02-27T22:06:55.733710" elapsed="0.000436"/>
</kw>
<status status="PASS" start="2025-02-27T22:06:55.733343" elapsed="0.000913"/>
</kw>
<kw name="QUANDO EU PASSAR UM PARAMETRO VALIDO" owner="api_reqres">
<kw name="Create Dictionary" owner="BuiltIn">
<msg time="2025-02-27T22:06:55.735159" level="INFO">${headers} = {'content-type': 'application/json'}</msg>
<var>${headers}</var>
<arg>content-type=application/json</arg>
<doc>Creates and returns a dictionary based on the given ``items``.</doc>
<status status="PASS" start="2025-02-27T22:06:55.734911" elapsed="0.000289"/>
</kw>
<kw name="GET On Session" owner="RequestsLibrary">
<msg time="2025-02-27T22:06:55.924220" level="INFO">GET Request : url=https://reqres.in/api/unknown/2 
 path_url=/api/unknown/2 
 headers={'User-Agent': 'python-requests/2.32.3', 'Accept-Encoding': 'gzip, deflate', 'Accept': '*/*', 'Connection': 'keep-alive'} 
 body=None 
 </msg>
<msg time="2025-02-27T22:06:55.924429" level="INFO">GET Response : url=https://reqres.in/api/unknown/2 
 status=200, reason=OK 
 headers={'Date': 'Fri, 28 Feb 2025 01:06:56 GMT', 'Content-Type': 'application/json; charset=utf-8', 'Transfer-Encoding': 'chunked', 'Connection': 'keep-alive', 'Report-To': '{"group":"heroku-nel","max_age":3600,"endpoints":[{"url":"https://nel.heroku.com/reports?ts=1738953245&amp;sid=c4c9725f-1ab0-44d8-820f-430df2718e11&amp;s=O35N5yZlVIGk8tpwPcKGWJWFd%2BvkHVqXuYusl553IWc%3D"}]}', 'Reporting-Endpoints': 'heroku-nel=https://nel.heroku.com/reports?ts=1738953245&amp;sid=c4c9725f-1ab0-44d8-820f-430df2718e11&amp;s=O35N5yZlVIGk8tpwPcKGWJWFd%2BvkHVqXuYusl553IWc%3D', 'Nel': '{"report_to":"heroku-nel","max_age":3600,"success_fraction":0.005,"failure_fraction":0.05,"response_headers":["Via"]}', 'X-Powered-By': 'Express', 'Access-Control-Allow-Origin': '*', 'Etag': 'W/"122-EJoELj/0trWDxXZhKN3eWEbbcBA"', 'Via': '1.1 vegur', 'Cache-Control': 'max-age=14400', 'CF-Cache-Status': 'HIT', 'Age': '1613', 'Vary': 'Accept-Encoding', 'Server': 'cloudflare', 'CF-RAY': '918c83ccfe9e0101-GRU', 'Content-Encoding': 'gzip', 'server-timing': 'cfL4;desc="?proto=TCP&amp;rtt=32754&amp;min_rtt=30091&amp;rtt_var=13079&amp;sent=5&amp;recv=6&amp;lost=0&amp;retrans=0&amp;sent_bytes=2835&amp;recv_bytes=772&amp;delivery_rate=98415&amp;cwnd=252&amp;unsent_bytes=0&amp;cid=f0447547111451f2&amp;ts=68&amp;x=0"'} 
 body={"data":{"id":2,"name":"fuchsia rose","year":2001,"color":"#C74375","pantone_value":"17-2031"},"support":{"url":"https://contentcaddy.io?utm_source=reqres&amp;utm_medium=json&amp;utm_campaign=referral","text":"Tired of writing endless social media content? Let Content Caddy generate it for you."}} 
 </msg>
<msg time="2025-02-27T22:06:55.924700" level="INFO">C:\Users\André\AppData\Local\Programs\Python\Python313\Lib\site-packages\urllib3\connectionpool.py:1099: InsecureRequestWarning: Unverified HTTPS request is being made to host 'reqres.in'. Adding certificate verification is strongly advised. See: https://urllib3.readthedocs.io/en/latest/advanced-usage.html#tls-warnings
  warnings.warn(</msg>
<msg time="2025-02-27T22:06:55.925936" level="INFO">${resposta} = &lt;Response [200]&gt;</msg>
<var>${resposta}</var>
<arg>reqres</arg>
<arg>/api/unknown/2</arg>
<arg>expected_status=any</arg>
<doc>Sends a GET request on a previously created HTTP Session.</doc>
<status status="PASS" start="2025-02-27T22:06:55.735362" elapsed="0.190659"/>
</kw>
<kw name="Log" owner="BuiltIn">
<msg time="2025-02-27T22:06:55.927606" level="INFO">{"data":{"id":2,"name":"fuchsia rose","year":2001,"color":"#C74375","pantone_value":"17-2031"},"support":{"url":"https://contentcaddy.io?utm_source=reqres&amp;utm_medium=json&amp;utm_campaign=referral","text":"Tired of writing endless social media content? Let Content Caddy generate it for you."}}</msg>
<arg>${resposta.text}</arg>
<doc>Logs the given message with the given level.</doc>
<status status="PASS" start="2025-02-27T22:06:55.926382" elapsed="0.001385"/>
</kw>
<kw name="Set Suite Variable" owner="BuiltIn">
<msg time="2025-02-27T22:06:55.928798" level="INFO">${resposta} = &lt;Response [200]&gt;</msg>
<arg>${resposta}</arg>
<doc>Makes a variable available everywhere within the scope of the current suite.</doc>
<status status="PASS" start="2025-02-27T22:06:55.928431" elapsed="0.000535"/>
</kw>
<status status="PASS" start="2025-02-27T22:06:55.734574" elapsed="0.194569"/>
</kw>
<kw name="ENTÃO A API DEVE RETORNAR" owner="api_reqres">
<kw name="Should Be Equal As Strings" owner="BuiltIn">
<msg time="2025-02-27T22:06:55.931315" level="INFO">Argument types are:
&lt;class 'int'&gt;
&lt;class 'str'&gt;</msg>
<arg>${resposta.status_code}</arg>
<arg>${status_code_desejado}</arg>
<doc>Fails if objects are unequal after converting them to strings.</doc>
<status status="PASS" start="2025-02-27T22:06:55.930250" elapsed="0.001163"/>
</kw>
<arg>200</arg>
<status status="PASS" start="2025-02-27T22:06:55.929665" elapsed="0.001869"/>
</kw>
<kw name="ENTÃO VALIDO O CONTEUDO DO RESPONSE BODY DESCONHECIDO" owner="api_reqres">
<kw name="Convert String To Json" owner="JSONLibrary">
<msg time="2025-02-27T22:06:55.933195" level="INFO">${Json_response} = {'data': {'id': 2, 'name': 'fuchsia rose', 'year': 2001, 'color': '#C74375', 'pantone_value': '17-2031'}, 'support': {'url': 'https://contentcaddy.io?utm_source=reqres&amp;utm_medium=json&amp;utm_campaign=ref...</msg>
<var>${Json_response}</var>
<arg>${resposta.text}</arg>
<doc>Convert String to JSON object</doc>
<status status="PASS" start="2025-02-27T22:06:55.932391" elapsed="0.000850"/>
</kw>
<kw name="Get From Dictionary" owner="Collections">
<msg time="2025-02-27T22:06:55.933683" level="INFO">${data_list} = {'id': 2, 'name': 'fuchsia rose', 'year': 2001, 'color': '#C74375', 'pantone_value': '17-2031'}</msg>
<var>${data_list}</var>
<arg>${Json_response}</arg>
<arg>data</arg>
<doc>Returns a value from the given ``dictionary`` based on the given ``key``.</doc>
<status status="PASS" start="2025-02-27T22:06:55.933426" elapsed="0.000322"/>
</kw>
<kw name="Dictionary Should Contain Key" owner="Collections">
<arg>${data_list}</arg>
<arg>id</arg>
<doc>Fails if ``key`` is not found from ``dictionary``.</doc>
<status status="PASS" start="2025-02-27T22:06:55.933990" elapsed="0.000306"/>
</kw>
<kw name="Dictionary Should Contain Key" owner="Collections">
<arg>${data_list}</arg>
<arg>name</arg>
<doc>Fails if ``key`` is not found from ``dictionary``.</doc>
<status status="PASS" start="2025-02-27T22:06:55.934470" elapsed="0.000208"/>
</kw>
<kw name="Dictionary Should Contain Key" owner="Collections">
<arg>${data_list}</arg>
<arg>year</arg>
<doc>Fails if ``key`` is not found from ``dictionary``.</doc>
<status status="PASS" start="2025-02-27T22:06:55.934856" elapsed="0.000252"/>
</kw>
<kw name="Dictionary Should Contain Key" owner="Collections">
<arg>${data_list}</arg>
<arg>color</arg>
<doc>Fails if ``key`` is not found from ``dictionary``.</doc>
<status status="PASS" start="2025-02-27T22:06:55.935296" elapsed="0.000209"/>
</kw>
<kw name="Dictionary Should Contain Key" owner="Collections">
<arg>${data_list}</arg>
<arg>pantone_value</arg>
<doc>Fails if ``key`` is not found from ``dictionary``.</doc>
<status status="PASS" start="2025-02-27T22:06:55.935661" elapsed="0.000195"/>
</kw>
<status status="PASS" start="2025-02-27T22:06:55.932002" elapsed="0.003957"/>
</kw>
<status status="PASS" start="2025-02-27T22:06:55.732555" elapsed="0.203713"/>
</test>
<test id="s1-t9" name="CONSULTAR USUARIOS COM ENDPOINT DESCONHECIDO COM PARAMETRO INVALIDO" line="59">
<kw name="DADO QUE EU CONSULTE O ENDPOINT DESCONHECIDO" owner="api_reqres">
<kw name="Create Session" owner="RequestsLibrary">
<msg time="2025-02-27T22:06:55.939097" level="INFO">Creating Session using : alias=reqres, url=https://reqres.in, headers={},                     cookies={}, auth=None, timeout=None, proxies=None, verify=False,                     debug=0 </msg>
<arg>reqres</arg>
<arg>${url_reqres}</arg>
<doc>Create Session: create a HTTP session to a server</doc>
<status status="PASS" start="2025-02-27T22:06:55.938882" elapsed="0.001681"/>
</kw>
<status status="PASS" start="2025-02-27T22:06:55.938488" elapsed="0.002301"/>
</kw>
<kw name="QUANDO EU PASSAR UM PARAMETRO INVALIDO" owner="api_reqres">
<kw name="Create Dictionary" owner="BuiltIn">
<msg time="2025-02-27T22:06:55.942050" level="INFO">${headers} = {'content-type': 'application/json'}</msg>
<var>${headers}</var>
<arg>content-type=application/json</arg>
<doc>Creates and returns a dictionary based on the given ``items``.</doc>
<status status="PASS" start="2025-02-27T22:06:55.941788" elapsed="0.000307"/>
</kw>
<kw name="GET On Session" owner="RequestsLibrary">
<msg time="2025-02-27T22:06:56.440564" level="INFO">GET Request : url=https://reqres.in/api/unknown/23 
 path_url=/api/unknown/23 
 headers={'User-Agent': 'python-requests/2.32.3', 'Accept-Encoding': 'gzip, deflate', 'Accept': '*/*', 'Connection': 'keep-alive'} 
 body=None 
 </msg>
<msg time="2025-02-27T22:06:56.440768" level="INFO">GET Response : url=https://reqres.in/api/unknown/23 
 status=404, reason=Not Found 
 headers={'Date': 'Fri, 28 Feb 2025 01:06:56 GMT', 'Content-Type': 'application/json; charset=utf-8', 'Content-Length': '2', 'Connection': 'keep-alive', 'Report-To': '{"group":"heroku-nel","max_age":3600,"endpoints":[{"url":"https://nel.heroku.com/reports?ts=1740704816&amp;sid=c4c9725f-1ab0-44d8-820f-430df2718e11&amp;s=DEx22FNuq%2FDiDt9s1DFeXvpsNKA5Q49hrjwG11AskYs%3D"}]}', 'Reporting-Endpoints': 'heroku-nel=https://nel.heroku.com/reports?ts=1740704816&amp;sid=c4c9725f-1ab0-44d8-820f-430df2718e11&amp;s=DEx22FNuq%2FDiDt9s1DFeXvpsNKA5Q49hrjwG11AskYs%3D', 'Nel': '{"report_to":"heroku-nel","max_age":3600,"success_fraction":0.005,"failure_fraction":0.05,"response_headers":["Via"]}', 'X-Powered-By': 'Express', 'Access-Control-Allow-Origin': '*', 'Etag': 'W/"2-vyGp6PvFo4RvsFtPoIWeCReyIC8"', 'Via': '1.1 vegur', 'Cache-Control': 'max-age=14400', 'CF-Cache-Status': 'EXPIRED', 'Vary': 'Accept-Encoding', 'Server': 'cloudflare', 'CF-RAY': '918c83ce0b834cf1-GRU', 'server-timing': 'cfL4;desc="?proto=TCP&amp;rtt=24452&amp;min_rtt=20106&amp;rtt_var=8298&amp;sent=5&amp;recv=6&amp;lost=0&amp;retrans=0&amp;sent_bytes=2835&amp;recv_bytes=773&amp;delivery_rate=157183&amp;cwnd=252&amp;unsent_bytes=0&amp;cid=27c651e906b98379&amp;ts=403&amp;x=0"'} 
 body={} 
 </msg>
<msg time="2025-02-27T22:06:56.440943" level="INFO">C:\Users\André\AppData\Local\Programs\Python\Python313\Lib\site-packages\urllib3\connectionpool.py:1099: InsecureRequestWarning: Unverified HTTPS request is being made to host 'reqres.in'. Adding certificate verification is strongly advised. See: https://urllib3.readthedocs.io/en/latest/advanced-usage.html#tls-warnings
  warnings.warn(</msg>
<msg time="2025-02-27T22:06:56.442580" level="INFO">${resposta} = &lt;Response [404]&gt;</msg>
<var>${resposta}</var>
<arg>reqres</arg>
<arg>/api/unknown/23</arg>
<arg>expected_status=any</arg>
<doc>Sends a GET request on a previously created HTTP Session.</doc>
<status status="PASS" start="2025-02-27T22:06:55.942292" elapsed="0.500370"/>
</kw>
<kw name="Log" owner="BuiltIn">
<msg time="2025-02-27T22:06:56.443620" level="INFO">{}</msg>
<arg>${resposta.text}</arg>
<doc>Logs the given message with the given level.</doc>
<status status="PASS" start="2025-02-27T22:06:56.442920" elapsed="0.000770"/>
</kw>
<kw name="Set Suite Variable" owner="BuiltIn">
<msg time="2025-02-27T22:06:56.444118" level="INFO">${resposta} = &lt;Response [404]&gt;</msg>
<arg>${resposta}</arg>
<doc>Makes a variable available everywhere within the scope of the current suite.</doc>
<status status="PASS" start="2025-02-27T22:06:56.443851" elapsed="0.000323"/>
</kw>
<status status="PASS" start="2025-02-27T22:06:55.941376" elapsed="0.502887"/>
</kw>
<kw name="ENTÃO A API DEVE RETORNAR" owner="api_reqres">
<kw name="Should Be Equal As Strings" owner="BuiltIn">
<msg time="2025-02-27T22:06:56.446099" level="INFO">Argument types are:
&lt;class 'int'&gt;
&lt;class 'str'&gt;</msg>
<arg>${resposta.status_code}</arg>
<arg>${status_code_desejado}</arg>
<doc>Fails if objects are unequal after converting them to strings.</doc>
<status status="PASS" start="2025-02-27T22:06:56.445034" elapsed="0.001182"/>
</kw>
<arg>404</arg>
<status status="PASS" start="2025-02-27T22:06:56.444646" elapsed="0.001711"/>
</kw>
<status status="PASS" start="2025-02-27T22:06:55.937323" elapsed="0.509413"/>
</test>
<test id="s1-t10" name="CRIAR USUARIO ENDPOINT API/USERS" line="66">
<kw name="DADO QUE EU TENHA NOME E JOB DO USUARIO" owner="api_reqres">
<kw name="Create Dictionary" owner="BuiltIn">
<msg time="2025-02-27T22:06:56.450101" level="INFO">${body} = {'name': 'Morpheus', 'job': 'Leader'}</msg>
<var>${body}</var>
<arg>name=Morpheus</arg>
<arg>job=Leader</arg>
<doc>Creates and returns a dictionary based on the given ``items``.</doc>
<status status="PASS" start="2025-02-27T22:06:56.449708" elapsed="0.000480"/>
</kw>
<kw name="POST On Session" owner="RequestsLibrary">
<msg time="2025-02-27T22:06:56.852377" level="INFO">POST Request : url=https://reqres.in/api/users 
 path_url=/api/users 
 headers={'User-Agent': 'python-requests/2.32.3', 'Accept-Encoding': 'gzip, deflate', 'Accept': '*/*', 'Connection': 'keep-alive', 'Content-Length': '37', 'Content-Type': 'application/json'} 
 body=b'{"name": "Morpheus", "job": "Leader"}' 
 </msg>
<msg time="2025-02-27T22:06:56.852540" level="INFO">POST Response : url=https://reqres.in/api/users 
 status=201, reason=Created 
 headers={'Date': 'Fri, 28 Feb 2025 01:06:57 GMT', 'Content-Type': 'application/json; charset=utf-8', 'Content-Length': '84', 'Connection': 'keep-alive', 'Report-To': '{"group":"heroku-nel","max_age":3600,"endpoints":[{"url":"https://nel.heroku.com/reports?ts=1740704817&amp;sid=c4c9725f-1ab0-44d8-820f-430df2718e11&amp;s=Sp9Od%2BOFtpLAUA%2FmUxVEI2A7k2skxvreMcXSU8jUNhs%3D"}]}', 'Reporting-Endpoints': 'heroku-nel=https://nel.heroku.com/reports?ts=1740704817&amp;sid=c4c9725f-1ab0-44d8-820f-430df2718e11&amp;s=Sp9Od%2BOFtpLAUA%2FmUxVEI2A7k2skxvreMcXSU8jUNhs%3D', 'Nel': '{"report_to":"heroku-nel","max_age":3600,"success_fraction":0.005,"failure_fraction":0.05,"response_headers":["Via"]}', 'X-Powered-By': 'Express', 'Access-Control-Allow-Origin': '*', 'Etag': 'W/"54-jjwCJYmnEO49X0OvE7HoBoZD1HI"', 'Via': '1.1 vegur', 'cf-cache-status': 'DYNAMIC', 'Server': 'cloudflare', 'CF-RAY': '918c83d09eb24cf1-GRU', 'server-timing': 'cfL4;desc="?proto=TCP&amp;rtt=24982&amp;min_rtt=20106&amp;rtt_var=7285&amp;sent=8&amp;recv=9&amp;lost=0&amp;retrans=0&amp;sent_bytes=4455&amp;recv_bytes=1056&amp;delivery_rate=157183&amp;cwnd=254&amp;unsent_bytes=0&amp;cid=27c651e906b98379&amp;ts=817&amp;x=0"'} 
[...]
 body={"name":"morpheus","job":"zion resident","updatedAt":"2025-02-28T01:07:01.143Z"} 
 </msg>
<msg time="2025-02-27T22:07:00.971630" level="INFO">C:\Users\André\AppData\Local\Programs\Python\Python313\Lib\site-packages\urllib3\connectionpool.py:1099: InsecureRequestWarning: Unverified HTTPS request is being made to host 'reqres.in'. Adding certificate verification is strongly advised. See: https://urllib3.readthedocs.io/en/latest/advanced-usage.html#tls-warnings
  warnings.warn(</msg>
<msg time="2025-02-27T22:07:00.972805" level="INFO">${resposta} = &lt;Response [200]&gt;</msg>
<var>${resposta}</var>
<arg>reqres</arg>
<arg>/api/users/2</arg>
<arg>json=${body}</arg>
<doc>Sends a PUT request on a previously created HTTP Session.</doc>
<status status="PASS" start="2025-02-27T22:07:00.583535" elapsed="0.389367"/>
</kw>
<kw name="Log" owner="BuiltIn">
<msg time="2025-02-27T22:07:00.974224" level="INFO">{"name":"morpheus","job":"zion resident","updatedAt":"2025-02-28T01:07:01.143Z"}</msg>
<arg>${resposta.text}</arg>
<doc>Logs the given message with the given level.</doc>
<status status="PASS" start="2025-02-27T22:07:00.973220" elapsed="0.001094"/>
</kw>
<kw name="Set Suite Variable" owner="BuiltIn">
<msg time="2025-02-27T22:07:00.974969" level="INFO">${resposta} = &lt;Response [200]&gt;</msg>
<arg>${resposta}</arg>
<doc>Makes a variable available everywhere within the scope of the current suite.</doc>
<status status="PASS" start="2025-02-27T22:07:00.974546" elapsed="0.000495"/>
</kw>
<status status="PASS" start="2025-02-27T22:07:00.581889" elapsed="0.393255"/>
</kw>
<kw name="QUANDO EU ATUALIZAR USUARIO SEM O JOB" owner="api_reqres">
<kw name="Create Dictionary" owner="BuiltIn">
<msg time="2025-02-27T22:07:00.976213" level="INFO">${body} = {'name': '123'}</msg>
<var>${body}</var>
<arg>name=123</arg>
<doc>Creates and returns a dictionary based on the given ``items``.</doc>
<status status="PASS" start="2025-02-27T22:07:00.975960" elapsed="0.000296"/>
</kw>
<kw name="PUT On Session" owner="RequestsLibrary">
<msg time="2025-02-27T22:07:01.375060" level="INFO">PUT Request : url=https://reqres.in/api/users/2 
 path_url=/api/users/2 
 headers={'User-Agent': 'python-requests/2.32.3', 'Accept-Encoding': 'gzip, deflate', 'Accept': '*/*', 'Connection': 'keep-alive', 'Content-Length': '15', 'Content-Type': 'application/json'} 
 body=b'{"name": "123"}' 
 </msg>
<msg time="2025-02-27T22:07:01.375247" level="INFO">PUT Response : url=https://reqres.in/api/users/2 
 status=200, reason=OK 
 headers={'Date': 'Fri, 28 Feb 2025 01:07:01 GMT', 'Content-Type': 'application/json; charset=utf-8', 'Transfer-Encoding': 'chunked', 'Connection': 'keep-alive', 'Report-To': '{"group":"heroku-nel","max_age":3600,"endpoints":[{"url":"https://nel.heroku.com/reports?ts=1740704821&amp;sid=c4c9725f-1ab0-44d8-820f-430df2718e11&amp;s=pUTBHHsfp3V8Mq8g9BQPG6gymp1Vl0o%2FDz%2Bt2Bdzu0I%3D"}]}', 'Reporting-Endpoints': 'heroku-nel=https://nel.heroku.com/reports?ts=1740704821&amp;sid=c4c9725f-1ab0-44d8-820f-430df2718e11&amp;s=pUTBHHsfp3V8Mq8g9BQPG6gymp1Vl0o%2FDz%2Bt2Bdzu0I%3D', 'Nel': '{"report_to":"heroku-nel","max_age":3600,"success_fraction":0.005,"failure_fraction":0.05,"response_headers":["Via"]}', 'X-Powered-By': 'Express', 'Access-Control-Allow-Origin': '*', 'Etag': 'W/"35-37o4QgIYiS9Nd0r7+SrnMw2lS8g"', 'Via': '1.1 vegur', 'CF-Cache-Status': 'DYNAMIC', 'Vary': 'Accept-Encoding', 'Server': 'cloudflare', 'CF-RAY': '918c83ece8d34cf1-GRU', 'Content-Encoding': 'gzip', 'server-timing': 'cfL4;desc="?proto=TCP&amp;rtt=32402&amp;min_rtt=20106&amp;rtt_var=8379&amp;sent=33&amp;recv=34&amp;lost=0&amp;retrans=0&amp;sent_bytes=17639&amp;recv_bytes=4132&amp;delivery_rate=157183&amp;cwnd=257&amp;unsent_bytes=0&amp;cid=27c651e906b98379&amp;ts=5339&amp;x=0"'} 
 body={"name":"123","updatedAt":"2025-02-28T01:07:01.547Z"} 
 </msg>
<msg time="2025-02-27T22:07:01.375454" level="INFO">C:\Users\André\AppData\Local\Programs\Python\Python313\Lib\site-packages\urllib3\connectionpool.py:1099: InsecureRequestWarning: Unverified HTTPS request is being made to host 'reqres.in'. Adding certificate verification is strongly advised. See: https://urllib3.readthedocs.io/en/latest/advanced-usage.html#tls-warnings
  warnings.warn(</msg>
<msg time="2025-02-27T22:07:01.376611" level="INFO">${resposta} = &lt;Response [200]&gt;</msg>
<var>${resposta}</var>
<arg>reqres</arg>
<arg>/api/users/2</arg>
<arg>json=${body}</arg>
<doc>Sends a PUT request on a previously created HTTP Session.</doc>
<status status="PASS" start="2025-02-27T22:07:00.976424" elapsed="0.400288"/>
</kw>
<kw name="Log" owner="BuiltIn">
<msg time="2025-02-27T22:07:01.377717" level="INFO">{"name":"123","updatedAt":"2025-02-28T01:07:01.547Z"}</msg>
<arg>${resposta.text}</arg>
<doc>Logs the given message with the given level.</doc>
<status status="PASS" start="2025-02-27T22:07:01.376957" elapsed="0.000831"/>
</kw>
<kw name="Set Suite Variable" owner="BuiltIn">
<msg time="2025-02-27T22:07:01.378240" level="INFO">${resposta} = &lt;Response [200]&gt;</msg>
<arg>${resposta}</arg>
<doc>Makes a variable available everywhere within the scope of the current suite.</doc>
<status status="PASS" start="2025-02-27T22:07:01.377952" elapsed="0.000344"/>
</kw>
<status status="PASS" start="2025-02-27T22:07:00.975561" elapsed="0.402821"/>
</kw>
<kw name="ENTÃO A API DEVE RETORNAR" owner="api_reqres">
<kw name="Should Be Equal As Strings" owner="BuiltIn">
<msg time="2025-02-27T22:07:01.380044" level="INFO">Argument types are:
&lt;class 'int'&gt;
&lt;class 'str'&gt;</msg>
<msg time="2025-02-27T22:07:01.380242" level="FAIL">200 != 400</msg>
<arg>${resposta.status_code}</arg>
<arg>${status_code_desejado}</arg>
<doc>Fails if objects are unequal after converting them to strings.</doc>
<status status="FAIL" start="2025-02-27T22:07:01.379224" elapsed="0.001188">200 != 400</status>
</kw>
<arg>400</arg>
<status status="FAIL" start="2025-02-27T22:07:01.378787" elapsed="0.001865">200 != 400</status>
</kw>
<status status="FAIL" start="2025-02-27T22:07:00.580672" elapsed="0.800456">200 != 400</status>
</test>
<test id="s1-t16" name="ATUALIZAR USUARIO NO ENDPOINT /API/USERS - SEM NOME" line="107">
<kw name="QUANDO QUE EU ATUALIZAR UM USUARIO" owner="api_reqres">
<kw name="Create Dictionary" owner="BuiltIn">
<msg time="2025-02-27T22:07:01.385236" level="INFO">${body} = {'name': 'morpheus', 'job': 'zion resident'}</msg>
<var>${body}</var>
<arg>name=morpheus</arg>
<arg>job=zion resident</arg>
<doc>Creates and returns a dictionary based on the given ``items``.</doc>
<status status="PASS" start="2025-02-27T22:07:01.384713" elapsed="0.000600"/>
</kw>
<kw name="PUT On Session" owner="RequestsLibrary">
<msg time="2025-02-27T22:07:01.779672" level="INFO">PUT Request : url=https://reqres.in/api/users/2 
 path_url=/api/users/2 
 headers={'User-Agent': 'python-requests/2.32.3', 'Accept-Encoding': 'gzip, deflate', 'Accept': '*/*', 'Connection': 'keep-alive', 'Content-Length': '44', 'Content-Type': 'application/json'} 
 body=b'{"name": "morpheus", "job": "zion resident"}' 
 </msg>
<msg time="2025-02-27T22:07:01.779901" level="INFO">PUT Response : url=https://reqres.in/api/users/2 
 status=200, reason=OK 
 headers={'Date': 'Fri, 28 Feb 2025 01:07:02 GMT', 'Content-Type': 'application/json; charset=utf-8', 'Transfer-Encoding': 'chunked', 'Connection': 'keep-alive', 'Report-To': '{"group":"heroku-nel","max_age":3600,"endpoints":[{"url":"https://nel.heroku.com/reports?ts=1740704821&amp;sid=c4c9725f-1ab0-44d8-820f-430df2718e11&amp;s=pUTBHHsfp3V8Mq8g9BQPG6gymp1Vl0o%2FDz%2Bt2Bdzu0I%3D"}]}', 'Reporting-Endpoints': 'heroku-nel=https://nel.heroku.com/reports?ts=1740704821&amp;sid=c4c9725f-1ab0-44d8-820f-430df2718e11&amp;s=pUTBHHsfp3V8Mq8g9BQPG6gymp1Vl0o%2FDz%2Bt2Bdzu0I%3D', 'Nel': '{"report_to":"heroku-nel","max_age":3600,"success_fraction":0.005,"failure_fraction":0.05,"response_headers":["Via"]}', 'X-Powered-By': 'Express', 'Access-Control-Allow-Origin': '*', 'Etag': 'W/"50-bJVL+SgLHiWgKId94mngPueabkk"', 'Via': '1.1 vegur', 'CF-Cache-Status': 'DYNAMIC', 'Vary': 'Accept-Encoding', 'Server': 'cloudflare', 'CF-RAY': '918c83ef6c2e4cf1-GRU', 'Content-Encoding': 'gzip', 'server-timing': 'cfL4;desc="?proto=TCP&amp;rtt=32482&amp;min_rtt=20106&amp;rtt_var=6445&amp;sent=36&amp;recv=37&amp;lost=0&amp;retrans=0&amp;sent_bytes=18893&amp;recv_bytes=4423&amp;delivery_rate=157183&amp;cwnd=257&amp;unsent_bytes=0&amp;cid=27c651e906b98379&amp;ts=5741&amp;x=0"'} 
 body={"name":"morpheus","job":"zion resident","updatedAt":"2025-02-28T01:07:01.949Z"} 
 </msg>
<msg time="2025-02-27T22:07:01.780074" level="INFO">C:\Users\André\AppData\Local\Programs\Python\Python313\Lib\site-packages\urllib3\connectionpool.py:1099: InsecureRequestWarning: Unverified HTTPS request is being made to host 'reqres.in'. Adding certificate verification is strongly advised. See: https://urllib3.readthedocs.io/en/latest/advanced-usage.html#tls-warnings
  warnings.warn(</msg>
<msg time="2025-02-27T22:07:01.781371" level="INFO">${resposta} = &lt;Response [200]&gt;</msg>
<var>${resposta}</var>
<arg>reqres</arg>
<arg>/api/users/2</arg>
<arg>json=${body}</arg>
<doc>Sends a PUT request on a previously created HTTP Session.</doc>
<status status="PASS" start="2025-02-27T22:07:01.385631" elapsed="0.395836"/>
</kw>
<kw name="Log" owner="BuiltIn">
<msg time="2025-02-27T22:07:01.782860" level="INFO">{"name":"morpheus","job":"zion resident","updatedAt":"2025-02-28T01:07:01.949Z"}</msg>
<arg>${resposta.text}</arg>
<doc>Logs the given message with the given level.</doc>
<status status="PASS" start="2025-02-27T22:07:01.781885" elapsed="0.001078"/>
</kw>
<kw name="Set Suite Variable" owner="BuiltIn">
<msg time="2025-02-27T22:07:01.783521" level="INFO">${resposta} = &lt;Response [200]&gt;</msg>
<arg>${resposta}</arg>
<doc>Makes a variable available everywhere within the scope of the current suite.</doc>
<status status="PASS" start="2025-02-27T22:07:01.783193" elapsed="0.000398"/>
</kw>
<status status="PASS" start="2025-02-27T22:07:01.384025" elapsed="0.399718"/>
</kw>
<kw name="QUANDO EU ATUALIZAR USUARIO SEM NOME" owner="api_reqres">
<kw name="Create Dictionary" owner="BuiltIn">
<msg time="2025-02-27T22:07:01.784859" level="INFO">${body} = {'job': 'zion resident'}</msg>
<var>${body}</var>
<arg>job=zion resident</arg>
<doc>Creates and returns a dictionary based on the given ``items``.</doc>
<status status="PASS" start="2025-02-27T22:07:01.784629" elapsed="0.000282"/>
</kw>
<kw name="PUT On Session" owner="RequestsLibrary">
<msg time="2025-02-27T22:07:02.174871" level="INFO">PUT Request : url=https://reqres.in/api/users/2 
 path_url=/api/users/2 
 headers={'User-Agent': 'python-requests/2.32.3', 'Accept-Encoding': 'gzip, deflate', 'Accept': '*/*', 'Connection': 'keep-alive', 'Content-Length': '24', 'Content-Type': 'application/json'} 
 body=b'{"job": "zion resident"}' 
 </msg>
<msg time="2025-02-27T22:07:02.175048" level="INFO">PUT Response : url=https://reqres.in/api/users/2 
 status=200, reason=OK 
 headers={'Date': 'Fri, 28 Feb 2025 01:07:02 GMT', 'Content-Type': 'application/json; charset=utf-8', 'Transfer-Encoding': 'chunked', 'Connection': 'keep-alive', 'Report-To': '{"group":"heroku-nel","max_age":3600,"endpoints":[{"url":"https://nel.heroku.com/reports?ts=1740704822&amp;sid=c4c9725f-1ab0-44d8-820f-430df2718e11&amp;s=vVpOQmEXOjeAiHC%2B2w22N%2BRJPzJHp2vrrxOQpHbILEA%3D"}]}', 'Reporting-Endpoints': 'heroku-nel=https://nel.heroku.com/reports?ts=1740704822&amp;sid=c4c9725f-1ab0-44d8-820f-430df2718e11&amp;s=vVpOQmEXOjeAiHC%2B2w22N%2BRJPzJHp2vrrxOQpHbILEA%3D', 'Nel': '{"report_to":"heroku-nel","max_age":3600,"success_fraction":0.005,"failure_fraction":0.05,"response_headers":["Via"]}', 'X-Powered-By': 'Express', 'Access-Control-Allow-Origin': '*', 'Etag': 'W/"3e-42h+2yO39QphhUOnChPyU/In25o"', 'Via': '1.1 vegur', 'CF-Cache-Status': 'DYNAMIC', 'Vary': 'Accept-Encoding', 'Server': 'cloudflare', 'CF-RAY': '918c83f1eedd4cf1-GRU', 'Content-Encoding': 'gzip', 'server-timing': 'cfL4;desc="?proto=TCP&amp;rtt=31319&amp;min_rtt=20106&amp;rtt_var=6534&amp;sent=39&amp;recv=40&amp;lost=0&amp;retrans=0&amp;sent_bytes=20173&amp;recv_bytes=4694&amp;delivery_rate=157183&amp;cwnd=257&amp;unsent_bytes=0&amp;cid=27c651e906b98379&amp;ts=6139&amp;x=0"'} 
 body={"job":"zion resident","updatedAt":"2025-02-28T01:07:02.343Z"} 
 </msg>
<msg time="2025-02-27T22:07:02.175360" level="INFO">C:\Users\André\AppData\Local\Programs\Python\Python313\Lib\site-packages\urllib3\connectionpool.py:1099: InsecureRequestWarning: Unverified HTTPS request is being made to host 'reqres.in'. Adding certificate verification is strongly advised. See: https://urllib3.readthedocs.io/en/latest/advanced-usage.html#tls-warnings
  warnings.warn(</msg>
<msg time="2025-02-27T22:07:02.176778" level="INFO">${resposta} = &lt;Response [200]&gt;</msg>
<var>${resposta}</var>
<arg>reqres</arg>
<arg>/api/users/2</arg>
<arg>json=${body}</arg>
<doc>Sends a PUT request on a previously created HTTP Session.</doc>
<status status="PASS" start="2025-02-27T22:07:01.785090" elapsed="0.391778"/>
</kw>
<kw name="Log" owner="BuiltIn">
<msg time="2025-02-27T22:07:02.177928" level="INFO">{"job":"zion resident","updatedAt":"2025-02-28T01:07:02.343Z"}</msg>
<arg>${resposta.text}</arg>
<doc>Logs the given message with the given level.</doc>
<status status="PASS" start="2025-02-27T22:07:02.177131" elapsed="0.000894"/>
</kw>
<kw name="Set Suite Variable" owner="BuiltIn">
<msg time="2025-02-27T22:07:02.178539" level="INFO">${resposta} = &lt;Response [200]&gt;</msg>
<arg>${resposta}</arg>
<doc>Makes a variable available everywhere within the scope of the current suite.</doc>
<status status="PASS" start="2025-02-27T22:07:02.178237" elapsed="0.000367"/>
</kw>
<status status="PASS" start="2025-02-27T22:07:01.784171" elapsed="0.394533"/>
</kw>
<kw name="ENTÃO A API DEVE RETORNAR" owner="api_reqres">
<kw name="Should Be Equal As Strings" owner="BuiltIn">
<msg time="2025-02-27T22:07:02.181182" level="INFO">Argument types are:
&lt;class 'int'&gt;
&lt;class 'str'&gt;</msg>
<msg time="2025-02-27T22:07:02.181432" level="FAIL">200 != 400</msg>
<arg>${resposta.status_code}</arg>
<arg>${status_code_desejado}</arg>
<doc>Fails if objects are unequal after converting them to strings.</doc>
<status status="FAIL" start="2025-02-27T22:07:02.179774" elapsed="0.001825">200 != 400</status>
</kw>
<arg>400</arg>
<status status="FAIL" start="2025-02-27T22:07:02.179136" elapsed="0.002752">200 != 400</status>
</kw>
<status status="FAIL" start="2025-02-27T22:07:01.382798" elapsed="0.799622">200 != 400</status>
</test>
<test id="s1-t17" name="DELETAR USUARIO NO ENDPOINT /API/USERS/2" line="114">
<kw name="DADO QUE EU CONSULTE O ENDPOINT" owner="api_reqres">
<kw name="Create Session" owner="RequestsLibrary">
<msg time="2025-02-27T22:07:02.185888" level="INFO">Creating Session using : alias=reqres, url=https://reqres.in, headers={},                     cookies={}, auth=None, timeout=None, proxies=None, verify=False,                     debug=0 </msg>
<arg>reqres</arg>
<arg>${url_reqres}</arg>
<doc>Create Session: create a HTTP session to a server</doc>
<status status="PASS" start="2025-02-27T22:07:02.185530" elapsed="0.000949"/>
</kw>
<status status="PASS" start="2025-02-27T22:07:02.184983" elapsed="0.001718"/>
</kw>
<kw name="QUANDO EU DELETAR UM USUARIO" owner="api_reqres">
<kw name="Create Dictionary" owner="BuiltIn">
<msg time="2025-02-27T22:07:02.188464" level="INFO">${headers} = {}</msg>
<var>${headers}</var>
<doc>Creates and returns a dictionary based on the given ``items``.</doc>
<status status="PASS" start="2025-02-27T22:07:02.187971" elapsed="0.000567"/>
</kw>
<kw name="DELETE On Session" owner="RequestsLibrary">
<msg time="2025-02-27T22:07:02.721311" level="INFO">DELETE Request : url=https://reqres.in/api/users/2 
 path_url=/api/users/2 
 headers={'User-Agent': 'python-requests/2.32.3', 'Accept-Encoding': 'gzip, deflate', 'Accept': '*/*', 'Connection': 'keep-alive', 'Content-Length': '0'} 
 body=None 
 </msg>
<msg time="2025-02-27T22:07:02.721449" level="INFO">DELETE Response : url=https://reqres.in/api/users/2 
 status=204, reason=No Content 
 headers={'Date': 'Fri, 28 Feb 2025 01:07:02 GMT', 'Content-Length': '0', 'Connection': 'keep-alive', 'Report-To': '{"group":"heroku-nel","max_age":3600,"endpoints":[{"url":"https://nel.heroku.com/reports?ts=1740704822&amp;sid=c4c9725f-1ab0-44d8-820f-430df2718e11&amp;s=vVpOQmEXOjeAiHC%2B2w22N%2BRJPzJHp2vrrxOQpHbILEA%3D"}]}', 'Reporting-Endpoints': 'heroku-nel=https://nel.heroku.com/reports?ts=1740704822&amp;sid=c4c9725f-1ab0-44d8-820f-430df2718e11&amp;s=vVpOQmEXOjeAiHC%2B2w22N%2BRJPzJHp2vrrxOQpHbILEA%3D', 'Nel': '{"report_to":"heroku-nel","max_age":3600,"success_fraction":0.005,"failure_fraction":0.05,"response_headers":["Via"]}', 'X-Powered-By': 'Express', 'Access-Control-Allow-Origin': '*', 'Etag': 'W/"2-vyGp6PvFo4RvsFtPoIWeCReyIC8"', 'Via': '1.1 vegur', 'cf-cache-status': 'DYNAMIC', 'Server': 'cloudflare', 'CF-RAY': '918c83f55b986b0f-GRU', 'server-timing': 'cfL4;desc="?proto=TCP&amp;rtt=28205&amp;min_rtt=16539&amp;rtt_var=12855&amp;sent=5&amp;recv=6&amp;lost=0&amp;retrans=0&amp;sent_bytes=2835&amp;recv_bytes=792&amp;delivery_rate=178853&amp;cwnd=252&amp;unsent_bytes=0&amp;cid=67c7fae150fca198&amp;ts=412&amp;x=0"'} 
 body=None 
 </msg>
<msg time="2025-02-27T22:07:02.721572" level="INFO">C:\Users\André\AppData\Local\Programs\Python\Python313\Lib\site-packages\urllib3\connectionpool.py:1099: InsecureRequestWarning: Unverified HTTPS request is being made to host 'reqres.in'. Adding certificate verification is strongly advised. See: https://urllib3.readthedocs.io/en/latest/advanced-usage.html#tls-warnings
  warnings.warn(</msg>
<msg time="2025-02-27T22:07:02.722704" level="INFO">${resposta} = &lt;Response [204]&gt;</msg>
<var>${resposta}</var>
<arg>reqres</arg>
<arg>/api/users/2</arg>
<arg>expected_status=any</arg>
<doc>Sends a DELETE request on a previously created HTTP Session.</doc>
<status status="PASS" start="2025-02-27T22:07:02.188831" elapsed="0.533954"/>
</kw>
<kw name="Log" owner="BuiltIn">
<msg time="2025-02-27T22:07:02.723843" level="INFO"/>
<arg>${resposta.text}</arg>
<doc>Logs the given message with the given level.</doc>
<status status="PASS" start="2025-02-27T22:07:02.723053" elapsed="0.000863"/>
</kw>
<kw name="Set Suite Variable" owner="BuiltIn">
<msg time="2025-02-27T22:07:02.724381" level="INFO">${resposta} = &lt;Response [204]&gt;</msg>
<arg>${resposta}</arg>
<doc>Makes a variable available everywhere within the scope of the current suite.</doc>
<status status="PASS" start="2025-02-27T22:07:02.724098" elapsed="0.000361"/>
</kw>
<status status="PASS" start="2025-02-27T22:07:02.187329" elapsed="0.537231"/>
</kw>
<kw name="ENTÃO A API DEVE RETORNAR" owner="api_reqres">
<kw name="Should Be Equal As Strings" owner="BuiltIn">
<msg time="2025-02-27T22:07:02.726599" level="INFO">Argument types are:
&lt;class 'int'&gt;
&lt;class 'str'&gt;</msg>
<arg>${resposta.status_code}</arg>
<arg>${status_code_desejado}</arg>
<doc>Fails if objects are unequal after converting them to strings.</doc>
<status status="PASS" start="2025-02-27T22:07:02.725275" elapsed="0.001470"/>
</kw>
<arg>204</arg>
<status status="PASS" start="2025-02-27T22:07:02.724903" elapsed="0.002031"/>
</kw>
<status status="PASS" start="2025-02-27T22:07:02.183941" elapsed="0.543448"/>
</test>
<status status="FAIL" start="2025-02-27T22:06:53.233781" elapsed="9.496034"/>
</suite>
<statistics>
<total>
<stat pass="12" fail="5" skip="0">All Tests</stat>
</total>
<tag>
</tag>
<suite>
<stat pass="12" fail="5" skip="0" id="s1" name="testApi reqres">testApi reqres</stat>
</suite>
</statistics>
<errors>
</errors>
</robot>
